2024-09-05T12:43:20.288Z [[32minfo[39m]: a user has connected!
2024-09-05T12:43:20.305Z [[32minfo[39m]: Información recibida: 
2024-09-05T12:43:20.306Z [[31merror[39m]: trying to add a user that already is here????
2024-09-05T12:43:42.969Z [[32minfo[39m]: The user 6NShKqGujfCzDglWAAAC has disconnected.
2024-09-05T12:43:43.149Z [[32minfo[39m]: a user has connected!
2024-09-05T12:43:43.167Z [[32minfo[39m]: Información recibida: 
2024-09-05T12:43:45.702Z [[32minfo[39m]: Turno del héroe con ID: user9, Side: blue
2024-09-05T12:43:53.895Z [[32minfo[39m]: perpetrator hits!, victim still alive
2024-09-05T12:43:53.897Z [[32minfo[39m]: Turno del héroe con ID: user8, Side: red
2024-09-05T12:43:59.341Z [[32minfo[39m]: perpetrator hits!, victim still alive
2024-09-05T12:43:59.342Z [[32minfo[39m]: Turno del héroe con ID: user9, Side: blue
2024-09-05T12:44:14.109Z [[32minfo[39m]: Turno del héroe con ID: user8, Side: red
2024-09-05T12:44:29.116Z [[32minfo[39m]: Turno del héroe con ID: user9, Side: blue
2024-09-05T12:44:44.119Z [[32minfo[39m]: Turno del héroe con ID: user8, Side: red
2024-09-05T12:44:59.123Z [[32minfo[39m]: Turno del héroe con ID: user9, Side: blue
2024-09-05T12:45:14.127Z [[32minfo[39m]: Turno del héroe con ID: user8, Side: red
2024-09-05T12:45:29.136Z [[32minfo[39m]: Turno del héroe con ID: user9, Side: blue
2024-09-05T12:45:32.955Z [[32minfo[39m]: The user sO5iDFKTuSZiRnOsAAAH has disconnected.
2024-09-05T12:45:33.177Z [[32minfo[39m]: a user has connected!
2024-09-05T12:45:33.198Z [[32minfo[39m]: Información recibida: 
2024-09-05T12:45:33.199Z [[31merror[39m]: trying to add a user that already is here????
2024-09-05T12:45:33.244Z [[32minfo[39m]: The user RFO4HvoOJFk43Bu0AAAF has disconnected.
2024-09-05T12:45:33.462Z [[32minfo[39m]: a user has connected!
2024-09-05T12:45:44.144Z [[32minfo[39m]: Turno del héroe con ID: user8, Side: red
2024-09-05T12:45:53.840Z [[32minfo[39m]: The user vvZoCosI_-t1uhmNAAAJ has disconnected.
2024-09-05T12:45:53.842Z [[32minfo[39m]: The user AozciWwLg_3eGUhiAAAL has disconnected.
2024-09-05T12:45:53.959Z [[32minfo[39m]: a user has connected!
2024-09-05T12:45:53.970Z [[32minfo[39m]: Información recibida: 
2024-09-05T12:45:53.971Z [[31merror[39m]: trying to add a user that already is here????
2024-09-05T12:45:54.134Z [[32minfo[39m]: a user has connected!
2024-09-05T12:45:59.156Z [[32minfo[39m]: Turno del héroe con ID: user9, Side: blue
2024-09-05T12:46:06.488Z [[32minfo[39m]: The user rChI8OXj681bLYT6AAAN has disconnected.
2024-09-05T12:46:06.624Z [[32minfo[39m]: a user has connected!
2024-09-05T12:46:06.795Z [[32minfo[39m]: The user 2Olwvro7zRTJKK7TAAAP has disconnected.
2024-09-05T12:46:07.072Z [[32minfo[39m]: a user has connected!
2024-09-05T12:46:14.164Z [[32minfo[39m]: Turno del héroe con ID: user8, Side: red
2024-09-05T12:46:20.809Z [[32minfo[39m]: Server running on port 3000
2024-09-05T12:46:21.240Z [[32minfo[39m]: a user has connected!
2024-09-05T12:46:21.249Z [[32minfo[39m]: Información recibida: 
2024-09-05T12:46:21.674Z [[32minfo[39m]: a user has connected!
2024-09-05T12:46:21.679Z [[32minfo[39m]: Información recibida: 
2024-09-05T12:46:21.679Z [[31merror[39m]: trying to add a user that already is here????
2024-09-05T12:46:23.257Z [[32minfo[39m]: The user vdEimyX4T7gpWBG_AAAD has disconnected.
2024-09-05T12:46:23.367Z [[32minfo[39m]: a user has connected!
2024-09-05T12:46:23.396Z [[32minfo[39m]: Información recibida: 
2024-09-05T12:46:23.398Z [[31merror[39m]: trying to add a user that already is here????
2024-09-05T12:46:36.780Z [[32minfo[39m]: The user U4YlMNo7cfZpSEI5AAAB has disconnected.
2024-09-05T12:46:36.889Z [[32minfo[39m]: a user has connected!
2024-09-05T12:46:36.899Z [[32minfo[39m]: Información recibida: 
2024-09-05T12:46:37.766Z [[32minfo[39m]: Turno del héroe con ID: user9, Side: blue
2024-09-05T12:46:48.614Z [[32minfo[39m]: perpetrator hits!, victim still alive
2024-09-05T12:46:48.616Z [[32minfo[39m]: Turno del héroe con ID: user8, Side: red
2024-09-05T12:46:51.173Z [[32minfo[39m]: perpetrator hits!, victim still alive
2024-09-05T12:46:51.175Z [[32minfo[39m]: Turno del héroe con ID: user9, Side: blue
2024-09-05T12:47:01.460Z [[32minfo[39m]: The user 3lDYA_OSyt5u6w72AAAH has disconnected.
2024-09-05T12:47:01.568Z [[32minfo[39m]: a user has connected!
2024-09-05T12:47:01.589Z [[32minfo[39m]: Información recibida: 
2024-09-05T12:47:01.590Z [[31merror[39m]: trying to add a user that already is here????
2024-09-05T12:47:02.231Z [[32minfo[39m]: The user hZBKfoD17MxYO0f7AAAF has disconnected.
2024-09-05T12:47:02.390Z [[32minfo[39m]: a user has connected!
2024-09-05T12:47:06.027Z [[32minfo[39m]: The user Y90MPKXtKJ2HSHFpAAAJ has disconnected.
2024-09-05T12:47:06.137Z [[32minfo[39m]: a user has connected!
2024-09-05T12:47:06.149Z [[32minfo[39m]: Información recibida: 
2024-09-05T12:47:06.149Z [[31merror[39m]: trying to add a user that already is here????
2024-09-05T12:47:06.190Z [[32minfo[39m]: Turno del héroe con ID: user8, Side: red
2024-09-05T12:47:06.235Z [[32minfo[39m]: The user 7Y5icc1FbLqSGyw1AAAL has disconnected.
2024-09-05T12:47:06.414Z [[32minfo[39m]: a user has connected!
2024-09-05T12:47:21.192Z [[32minfo[39m]: Turno del héroe con ID: user9, Side: blue
2024-09-05T12:47:36.194Z [[32minfo[39m]: Turno del héroe con ID: user8, Side: red
2024-09-05T12:47:37.489Z [[32minfo[39m]: The user wygKLNHNuj5LwOOmAAAN has disconnected.
2024-09-05T12:47:37.616Z [[32minfo[39m]: a user has connected!
2024-09-05T12:47:37.641Z [[32minfo[39m]: Información recibida: 
2024-09-05T12:47:37.641Z [[31merror[39m]: trying to add a user that already is here????
2024-09-05T12:47:38.232Z [[32minfo[39m]: The user 5dFuKIJ_zVYt6Fc1AAAP has disconnected.
2024-09-05T12:47:38.404Z [[32minfo[39m]: a user has connected!
2024-09-05T12:47:51.201Z [[32minfo[39m]: Turno del héroe con ID: user9, Side: blue
2024-09-05T12:48:06.205Z [[32minfo[39m]: Turno del héroe con ID: user8, Side: red
2024-09-05T12:48:21.217Z [[32minfo[39m]: Turno del héroe con ID: user9, Side: blue
2024-09-05T12:48:36.220Z [[32minfo[39m]: Turno del héroe con ID: user8, Side: red
2024-09-05T12:48:51.222Z [[32minfo[39m]: Turno del héroe con ID: user9, Side: blue
2024-09-05T12:49:06.232Z [[32minfo[39m]: Turno del héroe con ID: user8, Side: red
2024-09-05T12:49:21.238Z [[32minfo[39m]: Turno del héroe con ID: user9, Side: blue
2024-09-05T12:49:29.159Z [[32minfo[39m]: The user SR3N9zZGL3Ea2CE0AAAR has disconnected.
2024-09-05T12:49:29.189Z [[32minfo[39m]: The user JqjGlgTkRAb4AHxYAAAT has disconnected.
2024-09-05T12:49:29.289Z [[32minfo[39m]: a user has connected!
2024-09-05T12:49:29.481Z [[32minfo[39m]: a user has connected!
2024-09-05T12:49:36.246Z [[32minfo[39m]: Turno del héroe con ID: user8, Side: red
2024-09-05T12:49:46.539Z [[32minfo[39m]: The user Kt5yBwAO25vaXQ82AAAV has disconnected.
2024-09-05T12:49:46.660Z [[32minfo[39m]: a user has connected!
2024-09-05T12:49:49.031Z [[32minfo[39m]: The user 867KA4TGivq3y9r_AAAX has disconnected.
2024-09-05T12:49:49.189Z [[32minfo[39m]: a user has connected!
2024-09-05T12:49:49.302Z [[32minfo[39m]: Información recibida: 
2024-09-05T12:49:49.302Z [[31merror[39m]: trying to add a user that already is here????
2024-09-05T12:49:51.250Z [[32minfo[39m]: Turno del héroe con ID: user9, Side: blue
2024-09-05T12:49:57.490Z [[32minfo[39m]: Turno del héroe con ID: user8, Side: red
2024-09-05T12:50:12.506Z [[32minfo[39m]: Turno del héroe con ID: user9, Side: blue
2024-09-05T12:50:27.513Z [[32minfo[39m]: Turno del héroe con ID: user8, Side: red
2024-09-05T12:50:42.525Z [[32minfo[39m]: Turno del héroe con ID: user9, Side: blue
2024-09-05T12:50:57.529Z [[32minfo[39m]: Turno del héroe con ID: user8, Side: red
2024-09-05T12:51:12.542Z [[32minfo[39m]: Turno del héroe con ID: user9, Side: blue
2024-09-05T12:51:27.554Z [[32minfo[39m]: Turno del héroe con ID: user8, Side: red
2024-09-05T12:51:42.569Z [[32minfo[39m]: Turno del héroe con ID: user9, Side: blue
2024-09-05T12:51:57.584Z [[32minfo[39m]: Turno del héroe con ID: user8, Side: red
2024-09-05T12:52:12.586Z [[32minfo[39m]: Turno del héroe con ID: user9, Side: blue
2024-09-05T12:52:27.598Z [[32minfo[39m]: Turno del héroe con ID: user8, Side: red
2024-09-05T12:52:42.599Z [[32minfo[39m]: Turno del héroe con ID: user9, Side: blue
2024-09-05T12:52:57.613Z [[32minfo[39m]: Turno del héroe con ID: user8, Side: red
2024-09-05T12:53:12.620Z [[32minfo[39m]: Turno del héroe con ID: user9, Side: blue
2024-09-05T12:53:27.622Z [[32minfo[39m]: Turno del héroe con ID: user8, Side: red
2024-09-05T12:53:42.629Z [[32minfo[39m]: Turno del héroe con ID: user9, Side: blue
2024-09-05T12:53:57.646Z [[32minfo[39m]: Turno del héroe con ID: user8, Side: red
2024-09-05T12:54:12.648Z [[32minfo[39m]: Turno del héroe con ID: user9, Side: blue
2024-09-05T12:54:27.662Z [[32minfo[39m]: Turno del héroe con ID: user8, Side: red
2024-09-05T12:54:42.670Z [[32minfo[39m]: Turno del héroe con ID: user9, Side: blue
2024-09-05T12:54:57.679Z [[32minfo[39m]: Turno del héroe con ID: user8, Side: red
2024-09-05T12:55:12.682Z [[32minfo[39m]: Turno del héroe con ID: user9, Side: blue
2024-09-05T12:55:27.688Z [[32minfo[39m]: Turno del héroe con ID: user8, Side: red
2024-09-05T12:55:42.705Z [[32minfo[39m]: Turno del héroe con ID: user9, Side: blue
2024-09-05T12:55:57.711Z [[32minfo[39m]: Turno del héroe con ID: user8, Side: red
2024-09-05T12:56:12.719Z [[32minfo[39m]: Turno del héroe con ID: user9, Side: blue
2024-09-05T12:56:27.725Z [[32minfo[39m]: Turno del héroe con ID: user8, Side: red
2024-09-05T12:56:42.733Z [[32minfo[39m]: Turno del héroe con ID: user9, Side: blue
2024-09-05T12:56:57.736Z [[32minfo[39m]: Turno del héroe con ID: user8, Side: red
2024-09-05T12:57:12.738Z [[32minfo[39m]: Turno del héroe con ID: user9, Side: blue
2024-09-05T12:57:27.743Z [[32minfo[39m]: Turno del héroe con ID: user8, Side: red
2024-09-05T12:57:42.744Z [[32minfo[39m]: Turno del héroe con ID: user9, Side: blue
2024-09-05T12:57:57.753Z [[32minfo[39m]: Turno del héroe con ID: user8, Side: red
2024-09-05T12:58:12.761Z [[32minfo[39m]: Turno del héroe con ID: user9, Side: blue
2024-09-05T12:58:27.763Z [[32minfo[39m]: Turno del héroe con ID: user8, Side: red
2024-09-05T12:58:42.778Z [[32minfo[39m]: Turno del héroe con ID: user9, Side: blue
2024-09-05T12:58:57.782Z [[32minfo[39m]: Turno del héroe con ID: user8, Side: red
2024-09-05T12:59:12.790Z [[32minfo[39m]: Turno del héroe con ID: user9, Side: blue
2024-09-05T12:59:27.801Z [[32minfo[39m]: Turno del héroe con ID: user8, Side: red
2024-09-05T12:59:42.805Z [[32minfo[39m]: Turno del héroe con ID: user9, Side: blue
2024-09-05T12:59:57.812Z [[32minfo[39m]: Turno del héroe con ID: user8, Side: red
2024-09-05T13:00:12.813Z [[32minfo[39m]: Turno del héroe con ID: user9, Side: blue
2024-09-05T13:00:27.819Z [[32minfo[39m]: Turno del héroe con ID: user8, Side: red
2024-09-05T13:00:40.914Z [[32minfo[39m]: The user kc5W49N5TA9w7_NFAAAZ has disconnected.
2024-09-05T13:00:41.012Z [[32minfo[39m]: a user has connected!
2024-09-05T13:00:41.234Z [[32minfo[39m]: The user fpZxyOneR5ahq-HIAAAb has disconnected.
2024-09-05T13:00:41.488Z [[32minfo[39m]: a user has connected!
2024-09-05T13:00:42.822Z [[32minfo[39m]: Turno del héroe con ID: user9, Side: blue
2024-09-05T13:00:57.833Z [[32minfo[39m]: Turno del héroe con ID: user8, Side: red
2024-09-05T13:00:58.130Z [[32minfo[39m]: The user pSUco9dLp4m1vnGBAAAd has disconnected.
2024-09-05T13:00:58.202Z [[32minfo[39m]: a user has connected!
2024-09-05T13:00:58.214Z [[32minfo[39m]: Información recibida: 
2024-09-05T13:00:58.215Z [[31merror[39m]: trying to add a user that already is here????
2024-09-05T13:00:58.259Z [[32minfo[39m]: The user mnxvpHn7j14L3s_CAAAf has disconnected.
2024-09-05T13:00:58.528Z [[32minfo[39m]: a user has connected!
2024-09-05T13:01:12.837Z [[32minfo[39m]: Turno del héroe con ID: user9, Side: blue
2024-09-05T13:01:27.845Z [[32minfo[39m]: Turno del héroe con ID: user8, Side: red
2024-09-05T13:01:42.848Z [[32minfo[39m]: Turno del héroe con ID: user9, Side: blue
2024-09-05T13:01:57.850Z [[32minfo[39m]: Turno del héroe con ID: user8, Side: red
2024-09-05T13:02:07.459Z [[32minfo[39m]: The user E28KiymT9Puc07sKAAAh has disconnected.
2024-09-05T13:02:07.548Z [[32minfo[39m]: a user has connected!
2024-09-05T13:02:08.235Z [[32minfo[39m]: The user JBoedjKVx9tZGjIOAAAj has disconnected.
2024-09-05T13:02:08.393Z [[32minfo[39m]: a user has connected!
2024-09-05T13:02:12.861Z [[32minfo[39m]: Turno del héroe con ID: user9, Side: blue
2024-09-05T13:02:27.867Z [[32minfo[39m]: Turno del héroe con ID: user8, Side: red
2024-09-05T13:02:33.206Z [[32minfo[39m]: The user 2NSermsZMs-FoTKsAAAl has disconnected.
2024-09-05T13:02:33.260Z [[32minfo[39m]: a user has connected!
2024-09-05T13:02:34.152Z [[32minfo[39m]: The user SSiirY0_xVovwxmqAAAp has disconnected.
2024-09-05T13:02:34.204Z [[32minfo[39m]: a user has connected!
2024-09-05T13:02:34.213Z [[32minfo[39m]: Información recibida: 
2024-09-05T13:02:34.213Z [[31merror[39m]: trying to add a user that already is here????
2024-09-05T13:02:42.879Z [[32minfo[39m]: Turno del héroe con ID: user9, Side: blue
2024-09-05T13:02:57.882Z [[32minfo[39m]: Turno del héroe con ID: user8, Side: red
2024-09-05T13:03:12.892Z [[32minfo[39m]: Turno del héroe con ID: user9, Side: blue
2024-09-05T13:03:27.900Z [[32minfo[39m]: Turno del héroe con ID: user8, Side: red
2024-09-05T13:03:42.917Z [[32minfo[39m]: Turno del héroe con ID: user9, Side: blue
2024-09-05T13:03:57.931Z [[32minfo[39m]: Turno del héroe con ID: user8, Side: red
2024-09-05T13:04:12.932Z [[32minfo[39m]: Turno del héroe con ID: user9, Side: blue
2024-09-05T13:04:27.935Z [[32minfo[39m]: Turno del héroe con ID: user8, Side: red
2024-09-05T13:04:42.942Z [[32minfo[39m]: Turno del héroe con ID: user9, Side: blue
2024-09-05T13:04:57.949Z [[32minfo[39m]: Turno del héroe con ID: user8, Side: red
2024-09-05T13:05:12.956Z [[32minfo[39m]: Turno del héroe con ID: user9, Side: blue
2024-09-05T13:05:27.961Z [[32minfo[39m]: Turno del héroe con ID: user8, Side: red
2024-09-05T13:05:42.964Z [[32minfo[39m]: Turno del héroe con ID: user9, Side: blue
2024-09-05T13:05:57.978Z [[32minfo[39m]: Turno del héroe con ID: user8, Side: red
2024-09-05T13:06:12.986Z [[32minfo[39m]: Turno del héroe con ID: user9, Side: blue
2024-09-05T13:06:26.589Z [[32minfo[39m]: The user jWPdmu7Z4UExFByzAAAr has disconnected.
2024-09-05T13:06:26.592Z [[32minfo[39m]: The user uQHC_YZs7Wz7-fi0AAAn has disconnected.
2024-09-05T13:06:26.667Z [[32minfo[39m]: a user has connected!
2024-09-05T13:06:26.794Z [[32minfo[39m]: a user has connected!
2024-09-05T13:06:27.987Z [[32minfo[39m]: Turno del héroe con ID: user8, Side: red
2024-09-05T13:06:42.990Z [[32minfo[39m]: Turno del héroe con ID: user9, Side: blue
2024-09-05T13:06:57.202Z [[32minfo[39m]: The user W2ttauwOrYm1m6tAAAAt has disconnected.
2024-09-05T13:06:57.267Z [[32minfo[39m]: a user has connected!
2024-09-05T13:06:57.273Z [[32minfo[39m]: Información recibida: 
2024-09-05T13:06:57.273Z [[31merror[39m]: trying to add a user that already is here????
2024-09-05T13:06:58.007Z [[32minfo[39m]: Turno del héroe con ID: user8, Side: red
2024-09-05T13:07:13.017Z [[32minfo[39m]: Turno del héroe con ID: user9, Side: blue
2024-09-05T13:07:16.487Z [[32minfo[39m]: x.x
2024-09-05T13:07:16.488Z [[32minfo[39m]: Turno del héroe con ID: user8, Side: red
2024-09-05T13:07:31.494Z [[32minfo[39m]: Turno del héroe con ID: user9, Side: blue
2024-09-05T13:07:46.499Z [[32minfo[39m]: Turno del héroe con ID: user8, Side: red
2024-09-05T13:08:01.509Z [[32minfo[39m]: Turno del héroe con ID: user9, Side: blue
2024-09-05T13:08:12.987Z [[32minfo[39m]: The user j81Vb2QqgJnayR5WAAAx has disconnected.
2024-09-05T13:08:13.052Z [[32minfo[39m]: a user has connected!
2024-09-05T13:08:13.240Z [[32minfo[39m]: The user gPWDzTSbFEbndaZdAAAv has disconnected.
2024-09-05T13:08:13.411Z [[32minfo[39m]: a user has connected!
2024-09-05T13:08:16.510Z [[32minfo[39m]: Turno del héroe con ID: user8, Side: red
2024-09-05T13:08:19.777Z [[32minfo[39m]: The user -IHEhfxVAn5rIFlFAAAz has disconnected.
2024-09-05T13:08:19.849Z [[32minfo[39m]: a user has connected!
2024-09-05T13:08:19.858Z [[32minfo[39m]: Información recibida: 
2024-09-05T13:08:19.858Z [[31merror[39m]: trying to add a user that already is here????
2024-09-05T13:08:20.235Z [[32minfo[39m]: The user Ks86Vu0XCR0_x6IRAAA1 has disconnected.
2024-09-05T13:08:20.408Z [[32minfo[39m]: a user has connected!
2024-09-05T13:08:31.514Z [[32minfo[39m]: Turno del héroe con ID: user9, Side: blue
2024-09-05T13:08:37.428Z [[32minfo[39m]: The user F0G_Hi4kIXRH3Kc7AAA3 has disconnected.
2024-09-05T13:08:37.514Z [[32minfo[39m]: a user has connected!
2024-09-05T13:08:37.534Z [[32minfo[39m]: Información recibida: 
2024-09-05T13:08:37.534Z [[31merror[39m]: trying to add a user that already is here????
2024-09-05T13:08:38.241Z [[32minfo[39m]: The user 8Fz0XJ_CL8O5g0djAAA5 has disconnected.
2024-09-05T13:08:38.383Z [[32minfo[39m]: a user has connected!
2024-09-05T13:08:46.517Z [[32minfo[39m]: Turno del héroe con ID: user8, Side: red
2024-09-05T13:09:01.521Z [[32minfo[39m]: Turno del héroe con ID: user9, Side: blue
2024-09-05T13:09:03.047Z [[32minfo[39m]: x.x
2024-09-05T13:09:03.048Z [[32minfo[39m]: Turno del héroe con ID: user8, Side: red
2024-09-05T13:09:18.053Z [[32minfo[39m]: Turno del héroe con ID: user9, Side: blue
2024-09-05T13:09:25.656Z [[32minfo[39m]: The user vKXitopB2eeipao9AAA7 has disconnected.
2024-09-05T13:09:25.736Z [[32minfo[39m]: a user has connected!
2024-09-05T13:09:26.244Z [[32minfo[39m]: The user ilL2wFj-t9PE81MHAAA9 has disconnected.
2024-09-05T13:09:26.392Z [[32minfo[39m]: a user has connected!
2024-09-05T13:09:30.562Z [[32minfo[39m]: The user k3XskaUlkH8rke1AAAA_ has disconnected.
2024-09-05T13:09:30.690Z [[32minfo[39m]: a user has connected!
2024-09-05T13:09:30.699Z [[32minfo[39m]: Información recibida: 
2024-09-05T13:09:30.700Z [[31merror[39m]: trying to add a user that already is here????
2024-09-05T13:09:33.054Z [[32minfo[39m]: Turno del héroe con ID: user8, Side: red
2024-09-05T13:09:48.062Z [[32minfo[39m]: Turno del héroe con ID: user9, Side: blue
2024-09-05T13:09:52.023Z [[32minfo[39m]: x.x
2024-09-05T13:09:52.024Z [[32minfo[39m]: Turno del héroe con ID: user8, Side: red
2024-09-05T13:10:07.031Z [[32minfo[39m]: Turno del héroe con ID: user9, Side: blue
2024-09-05T13:10:22.032Z [[32minfo[39m]: Turno del héroe con ID: user8, Side: red
2024-09-05T13:10:37.046Z [[32minfo[39m]: Turno del héroe con ID: user9, Side: blue
2024-09-05T13:10:52.053Z [[32minfo[39m]: Turno del héroe con ID: user8, Side: red
2024-09-05T13:11:07.055Z [[32minfo[39m]: Turno del héroe con ID: user9, Side: blue
2024-09-05T13:11:19.304Z [[32minfo[39m]: The user PKPSM4nbp0DRLOOcAABD has disconnected.
2024-09-05T13:11:19.440Z [[32minfo[39m]: a user has connected!
2024-09-05T13:11:19.460Z [[32minfo[39m]: Información recibida: 
2024-09-05T13:11:19.461Z [[31merror[39m]: trying to add a user that already is here????
2024-09-05T13:11:20.233Z [[32minfo[39m]: The user EPYytWkuA026HlgCAABB has disconnected.
2024-09-05T13:11:20.546Z [[32minfo[39m]: a user has connected!
2024-09-05T13:11:22.058Z [[32minfo[39m]: Turno del héroe con ID: user8, Side: red
2024-09-05T13:11:37.061Z [[32minfo[39m]: Turno del héroe con ID: user9, Side: blue
2024-09-05T13:11:39.176Z [[32minfo[39m]: x.x
2024-09-05T13:11:39.177Z [[32minfo[39m]: Turno del héroe con ID: user8, Side: red
2024-09-05T13:11:54.179Z [[32minfo[39m]: Turno del héroe con ID: user9, Side: blue
2024-09-05T13:12:06.585Z [[32minfo[39m]: x.x
2024-09-05T13:12:06.586Z [[32minfo[39m]: Turno del héroe con ID: user8, Side: red
2024-09-05T13:12:21.599Z [[32minfo[39m]: Turno del héroe con ID: user9, Side: blue
2024-09-05T13:12:36.601Z [[32minfo[39m]: Turno del héroe con ID: user8, Side: red
2024-09-05T13:12:51.606Z [[32minfo[39m]: Turno del héroe con ID: user9, Side: blue
2024-09-05T13:13:06.615Z [[32minfo[39m]: Turno del héroe con ID: user8, Side: red
2024-09-05T13:13:20.060Z [[32minfo[39m]: The user Jzao96zeLDDSbvIEAABF has disconnected.
2024-09-05T13:13:20.211Z [[32minfo[39m]: a user has connected!
2024-09-05T13:13:20.279Z [[32minfo[39m]: The user HOR3KSjhCiowqe9wAABH has disconnected.
2024-09-05T13:13:20.459Z [[32minfo[39m]: a user has connected!
2024-09-05T13:13:21.487Z [[32minfo[39m]: The user _kZt25Uo9-wifQROAABJ has disconnected.
2024-09-05T13:13:21.597Z [[32minfo[39m]: a user has connected!
2024-09-05T13:13:21.615Z [[32minfo[39m]: Turno del héroe con ID: user9, Side: blue
2024-09-05T13:13:22.230Z [[32minfo[39m]: The user uyl99RYDdWRp-5VwAABL has disconnected.
2024-09-05T13:13:22.374Z [[32minfo[39m]: a user has connected!
2024-09-05T13:13:23.795Z [[32minfo[39m]: The user 89c4LgOpo3kyRfwXAABN has disconnected.
2024-09-05T13:13:23.917Z [[32minfo[39m]: a user has connected!
2024-09-05T13:13:25.132Z [[32minfo[39m]: The user JDey_anXbMCPsYsKAABR has disconnected.
2024-09-05T13:13:25.254Z [[32minfo[39m]: a user has connected!
2024-09-05T13:13:25.294Z [[32minfo[39m]: Información recibida: 
2024-09-05T13:13:25.295Z [[31merror[39m]: trying to add a user that already is here????
2024-09-05T13:13:25.401Z [[32minfo[39m]: The user E7sgOnvmO1LXqAOdAABT has disconnected.
2024-09-05T13:13:25.520Z [[32minfo[39m]: a user has connected!
2024-09-05T13:13:25.643Z [[32minfo[39m]: Información recibida: 
2024-09-05T13:13:25.644Z [[31merror[39m]: trying to add a user that already is here????
2024-09-05T13:13:36.619Z [[32minfo[39m]: Turno del héroe con ID: user8, Side: red
2024-09-05T13:13:51.625Z [[32minfo[39m]: Turno del héroe con ID: user9, Side: blue
2024-09-05T13:13:54.360Z [[32minfo[39m]: x.x
2024-09-05T13:13:54.361Z [[32minfo[39m]: Turno del héroe con ID: user8, Side: red
2024-09-05T13:14:06.152Z [[32minfo[39m]: The user oKFp8xjTTV9fiau4AABV has disconnected.
2024-09-05T13:14:06.299Z [[32minfo[39m]: The user Xl94Mio-LjcCC64UAABP has disconnected.
2024-09-05T13:14:06.334Z [[32minfo[39m]: a user has connected!
2024-09-05T13:14:06.375Z [[32minfo[39m]: Información recibida: 
2024-09-05T13:14:06.376Z [[31merror[39m]: trying to add a user that already is here????
2024-09-05T13:14:06.532Z [[32minfo[39m]: a user has connected!
2024-09-05T13:14:09.369Z [[32minfo[39m]: Turno del héroe con ID: user9, Side: blue
2024-09-05T13:14:09.749Z [[32minfo[39m]: The user qDhRjt75nIKcTFFGAABX has disconnected.
2024-09-05T13:14:09.876Z [[32minfo[39m]: a user has connected!
2024-09-05T13:14:10.238Z [[32minfo[39m]: The user lecxWAHThqs1zZwTAABZ has disconnected.
2024-09-05T13:14:10.379Z [[32minfo[39m]: a user has connected!
2024-09-05T13:14:11.594Z [[32minfo[39m]: The user XTMEIrYeoQRpP36cAABb has disconnected.
2024-09-05T13:14:11.693Z [[32minfo[39m]: a user has connected!
2024-09-05T13:14:11.715Z [[32minfo[39m]: Información recibida: 
2024-09-05T13:14:11.716Z [[31merror[39m]: trying to add a user that already is here????
2024-09-05T13:14:24.381Z [[32minfo[39m]: Turno del héroe con ID: user8, Side: red
2024-09-05T13:14:39.393Z [[32minfo[39m]: Turno del héroe con ID: user9, Side: blue
2024-09-05T13:14:48.111Z [[32minfo[39m]: x.x
2024-09-05T13:14:48.113Z [[32minfo[39m]: Turno del héroe con ID: user8, Side: red
2024-09-05T13:15:03.122Z [[32minfo[39m]: Turno del héroe con ID: user9, Side: blue
2024-09-05T13:15:18.125Z [[32minfo[39m]: Turno del héroe con ID: user8, Side: red
2024-09-05T13:15:33.137Z [[32minfo[39m]: Turno del héroe con ID: user9, Side: blue
2024-09-05T13:15:41.568Z [[32minfo[39m]: The user DzcvOH0BrvFXZ-2dAABf has disconnected.
2024-09-05T13:15:41.670Z [[32minfo[39m]: a user has connected!
2024-09-05T13:15:41.683Z [[32minfo[39m]: Información recibida: 
2024-09-05T13:15:41.684Z [[31merror[39m]: trying to add a user that already is here????
2024-09-05T13:15:42.237Z [[32minfo[39m]: The user LNQNMq2T7XuK5M2jAABd has disconnected.
2024-09-05T13:15:42.597Z [[32minfo[39m]: a user has connected!
2024-09-05T13:15:44.106Z [[32minfo[39m]: The user EwcTOoIBZ7trKm0fAABh has disconnected.
2024-09-05T13:15:44.214Z [[32minfo[39m]: a user has connected!
2024-09-05T13:15:44.225Z [[32minfo[39m]: Información recibida: 
2024-09-05T13:15:44.225Z [[31merror[39m]: trying to add a user that already is here????
2024-09-05T13:15:44.251Z [[32minfo[39m]: The user gxpBSkIbe5qz4Jz2AABj has disconnected.
2024-09-05T13:15:44.614Z [[32minfo[39m]: a user has connected!
2024-09-05T13:15:48.144Z [[32minfo[39m]: Turno del héroe con ID: user8, Side: red
2024-09-05T13:16:03.157Z [[32minfo[39m]: Turno del héroe con ID: user9, Side: blue
2024-09-05T13:16:18.160Z [[32minfo[39m]: Turno del héroe con ID: user8, Side: red
2024-09-05T13:16:33.173Z [[32minfo[39m]: Turno del héroe con ID: user9, Side: blue
2024-09-05T13:16:48.191Z [[32minfo[39m]: Turno del héroe con ID: user8, Side: red
2024-09-05T13:17:03.193Z [[32minfo[39m]: Turno del héroe con ID: user9, Side: blue
2024-09-05T13:17:18.197Z [[32minfo[39m]: Turno del héroe con ID: user8, Side: red
2024-09-05T13:17:33.202Z [[32minfo[39m]: Turno del héroe con ID: user9, Side: blue
2024-09-05T13:17:36.018Z [[32minfo[39m]: x.x
2024-09-05T13:17:36.019Z [[32minfo[39m]: Turno del héroe con ID: user8, Side: red
2024-09-05T13:17:51.027Z [[32minfo[39m]: Turno del héroe con ID: user9, Side: blue
2024-09-05T13:17:55.795Z [[32minfo[39m]: The user Au4pLJDJeUsFfnm-AABl has disconnected.
2024-09-05T13:17:55.939Z [[32minfo[39m]: a user has connected!
2024-09-05T13:17:56.231Z [[32minfo[39m]: The user YNa5vwp84cvxG85dAABn has disconnected.
2024-09-05T13:17:56.389Z [[32minfo[39m]: a user has connected!
2024-09-05T13:17:56.775Z [[32minfo[39m]: The user a7RcVnERjZG4g6j5AABp has disconnected.
2024-09-05T13:17:56.895Z [[32minfo[39m]: a user has connected!
2024-09-05T13:17:56.917Z [[32minfo[39m]: Información recibida: 
2024-09-05T13:17:56.918Z [[31merror[39m]: trying to add a user that already is here????
2024-09-05T13:17:57.246Z [[32minfo[39m]: The user GgqJIolgbBzZJdBtAABr has disconnected.
2024-09-05T13:17:57.444Z [[32minfo[39m]: a user has connected!
2024-09-05T13:18:06.031Z [[32minfo[39m]: Turno del héroe con ID: user8, Side: red
2024-09-05T13:18:21.041Z [[32minfo[39m]: Turno del héroe con ID: user9, Side: blue
2024-09-05T13:18:36.043Z [[32minfo[39m]: Turno del héroe con ID: user8, Side: red
2024-09-05T13:18:42.241Z [[32minfo[39m]: Server running on port 3000
2024-09-05T13:18:42.395Z [[32minfo[39m]: a user has connected!
2024-09-05T13:18:42.403Z [[32minfo[39m]: Información recibida: 
2024-09-05T13:18:43.237Z [[32minfo[39m]: a user has connected!
2024-09-05T13:18:43.245Z [[32minfo[39m]: Información recibida: 
2024-09-05T13:18:43.245Z [[31merror[39m]: trying to add a user that already is here????
2024-09-05T13:18:46.138Z [[32minfo[39m]: The user OWiPnuvHwV1ys_-GAAAB has disconnected.
2024-09-05T13:18:46.251Z [[32minfo[39m]: a user has connected!
2024-09-05T13:18:48.660Z [[32minfo[39m]: The user mRN02CCWuJ1vhGdyAAAF has disconnected.
2024-09-05T13:18:48.751Z [[32minfo[39m]: a user has connected!
2024-09-05T13:18:48.763Z [[32minfo[39m]: Información recibida: 
2024-09-05T13:18:48.763Z [[31merror[39m]: trying to add a user that already is here????
2024-09-05T13:19:01.893Z [[32minfo[39m]: The user zgbLrGpa3MlRWOmGAAAD has disconnected.
2024-09-05T13:19:01.996Z [[32minfo[39m]: a user has connected!
2024-09-05T13:19:02.482Z [[32minfo[39m]: The user 4hw8042y94ax2n0HAAAJ has disconnected.
2024-09-05T13:19:02.584Z [[32minfo[39m]: a user has connected!
2024-09-05T13:19:02.704Z [[32minfo[39m]: Información recibida: 
2024-09-05T13:19:03.609Z [[32minfo[39m]: Turno del héroe con ID: user9, Side: blue
2024-09-05T13:19:08.611Z [[32minfo[39m]: Turno del héroe con ID: user8, Side: red
2024-09-05T13:19:13.618Z [[32minfo[39m]: Turno del héroe con ID: user9, Side: blue
2024-09-05T13:19:16.466Z [[32minfo[39m]: perpetrator hits!, victim still alive
2024-09-05T13:19:16.468Z [[32minfo[39m]: Turno del héroe con ID: user8, Side: red
2024-09-05T13:19:21.490Z [[32minfo[39m]: Turno del héroe con ID: user9, Side: blue
2024-09-05T13:19:26.498Z [[32minfo[39m]: Turno del héroe con ID: user8, Side: red
2024-09-05T13:19:31.507Z [[32minfo[39m]: Turno del héroe con ID: user9, Side: blue
2024-09-05T13:19:36.522Z [[32minfo[39m]: Turno del héroe con ID: user8, Side: red
2024-09-05T13:19:41.539Z [[32minfo[39m]: Turno del héroe con ID: user9, Side: blue
2024-09-05T13:19:43.267Z [[32minfo[39m]: Turno del héroe con ID: user8, Side: red
2024-09-05T13:19:48.285Z [[32minfo[39m]: Turno del héroe con ID: user9, Side: blue
2024-09-05T13:19:53.297Z [[32minfo[39m]: Turno del héroe con ID: user8, Side: red
2024-09-05T13:19:58.299Z [[32minfo[39m]: Turno del héroe con ID: user9, Side: blue
2024-09-05T13:20:03.301Z [[32minfo[39m]: Turno del héroe con ID: user8, Side: red
2024-09-05T13:20:08.307Z [[32minfo[39m]: Turno del héroe con ID: user9, Side: blue
2024-09-05T13:20:13.323Z [[32minfo[39m]: Turno del héroe con ID: user8, Side: red
2024-09-05T13:20:18.334Z [[32minfo[39m]: Turno del héroe con ID: user9, Side: blue
2024-09-05T13:20:23.341Z [[32minfo[39m]: Turno del héroe con ID: user8, Side: red
2024-09-05T13:20:28.354Z [[32minfo[39m]: Turno del héroe con ID: user9, Side: blue
2024-09-05T13:20:33.367Z [[32minfo[39m]: Turno del héroe con ID: user8, Side: red
2024-09-05T13:20:38.386Z [[32minfo[39m]: Turno del héroe con ID: user9, Side: blue
2024-09-05T13:20:43.403Z [[32minfo[39m]: Turno del héroe con ID: user8, Side: red
2024-09-05T13:20:48.418Z [[32minfo[39m]: Turno del héroe con ID: user9, Side: blue
2024-09-05T13:20:53.434Z [[32minfo[39m]: Turno del héroe con ID: user8, Side: red
2024-09-05T13:20:58.439Z [[32minfo[39m]: Turno del héroe con ID: user9, Side: blue
2024-09-05T13:21:03.442Z [[32minfo[39m]: Turno del héroe con ID: user8, Side: red
2024-09-05T13:21:08.455Z [[32minfo[39m]: Turno del héroe con ID: user9, Side: blue
2024-09-05T13:21:13.467Z [[32minfo[39m]: Turno del héroe con ID: user8, Side: red
2024-09-05T13:21:18.473Z [[32minfo[39m]: Turno del héroe con ID: user9, Side: blue
2024-09-05T13:21:23.491Z [[32minfo[39m]: Turno del héroe con ID: user8, Side: red
2024-09-05T13:21:28.505Z [[32minfo[39m]: Turno del héroe con ID: user9, Side: blue
2024-09-05T13:21:33.516Z [[32minfo[39m]: Turno del héroe con ID: user8, Side: red
2024-09-05T13:21:38.525Z [[32minfo[39m]: Turno del héroe con ID: user9, Side: blue
2024-09-05T13:21:43.528Z [[32minfo[39m]: Turno del héroe con ID: user8, Side: red
2024-09-05T13:21:48.540Z [[32minfo[39m]: Turno del héroe con ID: user9, Side: blue
2024-09-05T13:21:53.545Z [[32minfo[39m]: Turno del héroe con ID: user8, Side: red
2024-09-05T13:21:58.549Z [[32minfo[39m]: Turno del héroe con ID: user9, Side: blue
2024-09-05T13:22:03.565Z [[32minfo[39m]: Turno del héroe con ID: user8, Side: red
2024-09-05T13:22:08.570Z [[32minfo[39m]: Turno del héroe con ID: user9, Side: blue
2024-09-05T13:22:13.591Z [[32minfo[39m]: Turno del héroe con ID: user8, Side: red
2024-09-05T13:22:18.598Z [[32minfo[39m]: Turno del héroe con ID: user9, Side: blue
2024-09-05T13:22:23.615Z [[32minfo[39m]: Turno del héroe con ID: user8, Side: red
2024-09-05T13:22:28.633Z [[32minfo[39m]: Turno del héroe con ID: user9, Side: blue
2024-09-05T13:22:33.648Z [[32minfo[39m]: Turno del héroe con ID: user8, Side: red
2024-09-05T13:22:38.655Z [[32minfo[39m]: Turno del héroe con ID: user9, Side: blue
2024-09-05T13:22:43.539Z [[32minfo[39m]: The user QOjldUZpqPulzA8nAAAH has disconnected.
2024-09-05T13:22:43.661Z [[32minfo[39m]: Turno del héroe con ID: user8, Side: red
2024-09-05T13:22:43.665Z [[32minfo[39m]: a user has connected!
2024-09-05T13:22:44.229Z [[32minfo[39m]: The user ebvmYb5RIseX5naHAAAL has disconnected.
2024-09-05T13:22:44.477Z [[32minfo[39m]: a user has connected!
2024-09-05T13:22:45.859Z [[32minfo[39m]: The user zyAWhTJ8f-TXZzKfAAAN has disconnected.
2024-09-05T13:22:45.974Z [[32minfo[39m]: a user has connected!
2024-09-05T13:22:47.512Z [[32minfo[39m]: The user HL4A6wJWPrUv7EPXAAAR has disconnected.
2024-09-05T13:22:47.591Z [[32minfo[39m]: a user has connected!
2024-09-05T13:22:47.598Z [[32minfo[39m]: Información recibida: 
2024-09-05T13:22:47.598Z [[31merror[39m]: trying to add a user that already is here????
2024-09-05T13:22:48.664Z [[32minfo[39m]: Turno del héroe con ID: user9, Side: blue
2024-09-05T13:22:53.677Z [[32minfo[39m]: Turno del héroe con ID: user8, Side: red
2024-09-05T13:22:57.912Z [[32minfo[39m]: Turno del héroe con ID: user9, Side: blue
2024-09-05T13:23:02.921Z [[32minfo[39m]: Turno del héroe con ID: user8, Side: red
2024-09-05T13:23:04.911Z [[32minfo[39m]: x.x
2024-09-05T13:23:04.912Z [[32minfo[39m]: Turno del héroe con ID: user9, Side: blue
2024-09-05T13:23:09.917Z [[32minfo[39m]: Turno del héroe con ID: user8, Side: red
2024-09-05T13:23:11.711Z [[32minfo[39m]: x.x
2024-09-05T13:23:11.713Z [[32minfo[39m]: Turno del héroe con ID: user9, Side: blue
2024-09-05T13:23:16.719Z [[32minfo[39m]: Turno del héroe con ID: user8, Side: red
2024-09-05T13:23:21.734Z [[32minfo[39m]: Turno del héroe con ID: user9, Side: blue
2024-09-05T13:23:26.741Z [[32minfo[39m]: Turno del héroe con ID: user8, Side: red
2024-09-05T13:23:28.559Z [[32minfo[39m]: x.x
2024-09-05T13:23:28.560Z [[32minfo[39m]: Turno del héroe con ID: user9, Side: blue
2024-09-05T13:23:33.567Z [[32minfo[39m]: Turno del héroe con ID: user8, Side: red
2024-09-05T13:23:38.578Z [[32minfo[39m]: Turno del héroe con ID: user9, Side: blue
2024-09-05T13:23:43.580Z [[32minfo[39m]: Turno del héroe con ID: user8, Side: red
2024-09-05T13:23:48.585Z [[32minfo[39m]: Turno del héroe con ID: user9, Side: blue
2024-09-05T13:23:53.594Z [[32minfo[39m]: Turno del héroe con ID: user8, Side: red
2024-09-05T13:23:58.606Z [[32minfo[39m]: Turno del héroe con ID: user9, Side: blue
2024-09-05T13:24:03.618Z [[32minfo[39m]: Turno del héroe con ID: user8, Side: red
2024-09-05T13:24:08.621Z [[32minfo[39m]: Turno del héroe con ID: user9, Side: blue
2024-09-05T13:24:12.173Z [[32minfo[39m]: The user bM7jow_-9q3TsN2pAAAP has disconnected.
2024-09-05T13:24:12.197Z [[32minfo[39m]: The user 4HhqiYzGaKgHOXGDAAAT has disconnected.
2024-09-05T13:24:12.411Z [[32minfo[39m]: a user has connected!
2024-09-05T13:24:12.564Z [[32minfo[39m]: a user has connected!
2024-09-05T13:24:13.634Z [[32minfo[39m]: Turno del héroe con ID: user8, Side: red
2024-09-05T13:24:18.646Z [[32minfo[39m]: Turno del héroe con ID: user9, Side: blue
2024-09-05T13:24:23.647Z [[32minfo[39m]: Turno del héroe con ID: user8, Side: red
2024-09-05T13:24:28.658Z [[32minfo[39m]: Turno del héroe con ID: user9, Side: blue
2024-09-05T13:24:33.663Z [[32minfo[39m]: Turno del héroe con ID: user8, Side: red
2024-09-05T13:24:34.819Z [[32minfo[39m]: The user U7KJN4BD7uxHTHIqAAAX has disconnected.
2024-09-05T13:24:34.849Z [[32minfo[39m]: The user g3DM1xhUye6gQb1EAAAV has disconnected.
2024-09-05T13:24:34.969Z [[32minfo[39m]: a user has connected!
2024-09-05T13:24:34.992Z [[32minfo[39m]: Información recibida: 
2024-09-05T13:24:34.993Z [[31merror[39m]: trying to add a user that already is here????
2024-09-05T13:24:35.196Z [[32minfo[39m]: a user has connected!
2024-09-05T13:24:38.669Z [[32minfo[39m]: Turno del héroe con ID: user9, Side: blue
2024-09-05T13:24:43.670Z [[32minfo[39m]: Turno del héroe con ID: user8, Side: red
2024-09-05T13:24:48.674Z [[32minfo[39m]: Turno del héroe con ID: user9, Side: blue
2024-09-05T13:24:53.680Z [[32minfo[39m]: Turno del héroe con ID: user8, Side: red
2024-09-05T13:24:58.681Z [[32minfo[39m]: Turno del héroe con ID: user9, Side: blue
2024-09-05T13:25:03.683Z [[32minfo[39m]: Turno del héroe con ID: user8, Side: red
2024-09-05T13:25:05.479Z [[32minfo[39m]: x.x
2024-09-05T13:25:05.511Z [[32minfo[39m]: Turno del héroe con ID: user9, Side: blue
2024-09-05T13:25:10.524Z [[32minfo[39m]: Turno del héroe con ID: user8, Side: red
2024-09-05T13:25:12.048Z [[32minfo[39m]: x.x
2024-09-05T13:25:12.049Z [[32minfo[39m]: Turno del héroe con ID: user9, Side: blue
2024-09-05T13:25:17.052Z [[32minfo[39m]: Turno del héroe con ID: user8, Side: red
2024-09-05T13:25:19.015Z [[32minfo[39m]: x.x
2024-09-05T13:25:19.017Z [[32minfo[39m]: Turno del héroe con ID: user9, Side: blue
2024-09-05T13:25:24.031Z [[32minfo[39m]: Turno del héroe con ID: user8, Side: red
2024-09-05T13:25:25.856Z [[32minfo[39m]: x.x
2024-09-05T13:25:25.857Z [[32minfo[39m]: Turno del héroe con ID: user9, Side: blue
2024-09-05T13:25:30.872Z [[32minfo[39m]: Turno del héroe con ID: user8, Side: red
2024-09-05T13:25:35.889Z [[32minfo[39m]: Turno del héroe con ID: user9, Side: blue
2024-09-05T13:25:40.891Z [[32minfo[39m]: Turno del héroe con ID: user8, Side: red
2024-09-05T13:25:43.268Z [[32minfo[39m]: The user QiqsPs89rBit7A0tAAAZ has disconnected.
2024-09-05T13:25:43.390Z [[32minfo[39m]: a user has connected!
2024-09-05T13:25:45.898Z [[32minfo[39m]: The user 5vQUM30uKVuHDp_XAAAd has disconnected.
2024-09-05T13:25:45.899Z [[32minfo[39m]: Turno del héroe con ID: user9, Side: blue
2024-09-05T13:25:45.995Z [[32minfo[39m]: a user has connected!
2024-09-05T13:25:46.006Z [[32minfo[39m]: Información recibida: 
2024-09-05T13:25:46.007Z [[31merror[39m]: trying to add a user that already is here????
2024-09-05T13:25:50.907Z [[32minfo[39m]: Turno del héroe con ID: user8, Side: red
2024-09-05T13:25:54.416Z [[32minfo[39m]: x.x
2024-09-05T13:25:54.417Z [[32minfo[39m]: Turno del héroe con ID: user9, Side: blue
2024-09-05T13:25:59.420Z [[32minfo[39m]: Turno del héroe con ID: user8, Side: red
2024-09-05T13:26:02.072Z [[32minfo[39m]: x.x
2024-09-05T13:26:02.073Z [[32minfo[39m]: Turno del héroe con ID: user9, Side: blue
2024-09-05T13:26:07.082Z [[32minfo[39m]: Turno del héroe con ID: user8, Side: red
2024-09-05T13:26:12.096Z [[32minfo[39m]: Turno del héroe con ID: user9, Side: blue
2024-09-05T13:26:17.110Z [[32minfo[39m]: Turno del héroe con ID: user8, Side: red
2024-09-05T13:26:22.123Z [[32minfo[39m]: Turno del héroe con ID: user9, Side: blue
2024-09-05T13:26:27.135Z [[32minfo[39m]: Turno del héroe con ID: user8, Side: red
2024-09-05T13:26:32.144Z [[32minfo[39m]: Turno del héroe con ID: user9, Side: blue
2024-09-05T13:26:37.150Z [[32minfo[39m]: Turno del héroe con ID: user8, Side: red
2024-09-05T13:26:42.167Z [[32minfo[39m]: Turno del héroe con ID: user9, Side: blue
2024-09-05T13:26:43.562Z [[32minfo[39m]: The user 4HkjKP_7O3ppxmIOAAAf has disconnected.
2024-09-05T13:26:43.680Z [[32minfo[39m]: a user has connected!
2024-09-05T13:26:44.237Z [[32minfo[39m]: The user 1U8G0fuQoMYMc3wHAAAb has disconnected.
2024-09-05T13:26:44.404Z [[32minfo[39m]: a user has connected!
2024-09-05T13:26:46.146Z [[32minfo[39m]: The user 5N9U1x_eFYxErbtEAAAh has disconnected.
2024-09-05T13:26:46.250Z [[32minfo[39m]: a user has connected!
2024-09-05T13:26:46.693Z [[32minfo[39m]: The user fsvcNDgioQkLzK77AAAl has disconnected.
2024-09-05T13:26:46.791Z [[32minfo[39m]: a user has connected!
2024-09-05T13:26:47.174Z [[32minfo[39m]: Turno del héroe con ID: user8, Side: red
2024-09-05T13:26:47.199Z [[32minfo[39m]: The user bdWrA5ymm4rmShrGAAAn has disconnected.
2024-09-05T13:26:47.279Z [[32minfo[39m]: a user has connected!
2024-09-05T13:26:47.291Z [[32minfo[39m]: Información recibida: 
2024-09-05T13:26:47.291Z [[31merror[39m]: trying to add a user that already is here????
2024-09-05T13:26:52.186Z [[32minfo[39m]: Turno del héroe con ID: user9, Side: blue
2024-09-05T13:26:57.192Z [[32minfo[39m]: Turno del héroe con ID: user8, Side: red
2024-09-05T13:26:59.343Z [[32minfo[39m]: x.x
2024-09-05T13:26:59.344Z [[32minfo[39m]: Turno del héroe con ID: user9, Side: blue
2024-09-05T13:27:04.350Z [[32minfo[39m]: Turno del héroe con ID: user8, Side: red
2024-09-05T13:27:09.367Z [[32minfo[39m]: Turno del héroe con ID: user9, Side: blue
2024-09-05T13:27:14.371Z [[32minfo[39m]: Turno del héroe con ID: user8, Side: red
2024-09-05T13:27:19.374Z [[32minfo[39m]: Turno del héroe con ID: user9, Side: blue
2024-09-05T13:27:24.383Z [[32minfo[39m]: Turno del héroe con ID: user8, Side: red
2024-09-05T13:27:28.251Z [[32minfo[39m]: The user ZOpafGXXdgIKfCOYAAAp has disconnected.
2024-09-05T13:27:28.352Z [[32minfo[39m]: a user has connected!
2024-09-05T13:27:28.370Z [[32minfo[39m]: Información recibida: 
2024-09-05T13:27:28.371Z [[31merror[39m]: trying to add a user that already is here????
2024-09-05T13:27:28.842Z [[32minfo[39m]: The user jDHdaN_6TlFNGG9ZAAAr has disconnected.
2024-09-05T13:27:28.925Z [[32minfo[39m]: a user has connected!
2024-09-05T13:27:28.936Z [[32minfo[39m]: Información recibida: 
2024-09-05T13:27:28.937Z [[31merror[39m]: trying to add a user that already is here????
2024-09-05T13:27:29.391Z [[32minfo[39m]: Turno del héroe con ID: user9, Side: blue
2024-09-05T13:27:34.393Z [[32minfo[39m]: Turno del héroe con ID: user8, Side: red
2024-09-05T13:27:39.395Z [[32minfo[39m]: Turno del héroe con ID: user9, Side: blue
2024-09-05T13:27:44.396Z [[32minfo[39m]: Turno del héroe con ID: user8, Side: red
2024-09-05T13:28:16.142Z [[32minfo[39m]: Server running on port 3000
2024-09-05T13:28:18.293Z [[32minfo[39m]: a user has connected!
2024-09-05T13:28:18.303Z [[32minfo[39m]: Información recibida: 
2024-09-05T13:28:19.228Z [[32minfo[39m]: a user has connected!
2024-09-05T13:28:19.240Z [[32minfo[39m]: Información recibida: 
2024-09-05T13:28:19.240Z [[31merror[39m]: trying to add a user that already is here????
2024-09-05T13:28:23.874Z [[32minfo[39m]: The user 9-cDq1W74qyiqy2-AAAB has disconnected.
2024-09-05T13:28:23.993Z [[32minfo[39m]: a user has connected!
2024-09-05T13:28:26.921Z [[32minfo[39m]: The user lZtK-NcMLV5cng0TAAAF has disconnected.
2024-09-05T13:28:27.012Z [[32minfo[39m]: a user has connected!
2024-09-05T13:28:27.023Z [[32minfo[39m]: Información recibida: 
2024-09-05T13:28:27.024Z [[31merror[39m]: trying to add a user that already is here????
2024-09-05T13:28:45.218Z [[32minfo[39m]: The user aP8RvJc3E8juVTFSAAAD has disconnected.
2024-09-05T13:28:45.334Z [[32minfo[39m]: a user has connected!
2024-09-05T13:28:45.357Z [[32minfo[39m]: Información recibida: 
2024-09-05T13:28:51.566Z [[32minfo[39m]: Turno del héroe con ID: user9, Side: blue
2024-09-05T13:28:54.998Z [[32minfo[39m]: perpetrator hits!, victim still alive
2024-09-05T13:28:55.000Z [[32minfo[39m]: Turno del héroe con ID: user8, Side: red
2024-09-05T13:29:00.010Z [[32minfo[39m]: Turno del héroe con ID: user9, Side: blue
2024-09-05T13:29:05.023Z [[32minfo[39m]: Turno del héroe con ID: user8, Side: red
2024-09-05T13:29:06.773Z [[32minfo[39m]: perpetrator hits!, victim still alive
2024-09-05T13:29:06.775Z [[32minfo[39m]: Turno del héroe con ID: user9, Side: blue
2024-09-05T13:29:11.791Z [[32minfo[39m]: Turno del héroe con ID: user8, Side: red
2024-09-05T13:29:16.795Z [[32minfo[39m]: Turno del héroe con ID: user9, Side: blue
2024-09-05T13:29:21.801Z [[32minfo[39m]: Turno del héroe con ID: user8, Side: red
2024-09-05T13:29:26.806Z [[32minfo[39m]: Turno del héroe con ID: user9, Side: blue
2024-09-05T13:29:31.813Z [[32minfo[39m]: Turno del héroe con ID: user8, Side: red
2024-09-05T13:29:36.821Z [[32minfo[39m]: Turno del héroe con ID: user9, Side: blue
2024-09-05T13:29:41.824Z [[32minfo[39m]: Turno del héroe con ID: user8, Side: red
2024-09-05T13:29:46.836Z [[32minfo[39m]: Turno del héroe con ID: user9, Side: blue
2024-09-05T13:29:51.837Z [[32minfo[39m]: Turno del héroe con ID: user8, Side: red
2024-09-05T13:29:56.853Z [[32minfo[39m]: Turno del héroe con ID: user9, Side: blue
2024-09-05T13:30:01.861Z [[32minfo[39m]: Turno del héroe con ID: user8, Side: red
2024-09-05T13:30:06.866Z [[32minfo[39m]: Turno del héroe con ID: user9, Side: blue
2024-09-05T13:30:11.877Z [[32minfo[39m]: Turno del héroe con ID: user8, Side: red
2024-09-05T13:30:16.880Z [[32minfo[39m]: Turno del héroe con ID: user9, Side: blue
2024-09-05T13:30:21.886Z [[32minfo[39m]: Turno del héroe con ID: user8, Side: red
2024-09-05T13:30:26.892Z [[32minfo[39m]: Turno del héroe con ID: user9, Side: blue
2024-09-05T13:30:31.893Z [[32minfo[39m]: Turno del héroe con ID: user8, Side: red
2024-09-05T13:30:36.234Z [[32minfo[39m]: The user sklAIdWroeS_TfNyAAAH has disconnected.
2024-09-05T13:30:36.235Z [[32minfo[39m]: The user 6mDN9ST_8kYbEGf8AAAJ has disconnected.
2024-09-05T13:30:36.539Z [[32minfo[39m]: a user has connected!
2024-09-05T13:30:36.652Z [[32minfo[39m]: a user has connected!
2024-09-05T13:30:36.898Z [[32minfo[39m]: Turno del héroe con ID: user9, Side: blue
2024-09-05T13:30:41.900Z [[32minfo[39m]: Turno del héroe con ID: user8, Side: red
2024-09-05T13:30:46.903Z [[32minfo[39m]: Turno del héroe con ID: user9, Side: blue
2024-09-05T13:30:49.178Z [[32minfo[39m]: The user pHIpS4WO9Yjs7HZYAAAN has disconnected.
2024-09-05T13:30:49.291Z [[32minfo[39m]: a user has connected!
2024-09-05T13:30:49.312Z [[32minfo[39m]: Información recibida: 
2024-09-05T13:30:49.313Z [[31merror[39m]: trying to add a user that already is here????
2024-09-05T13:30:51.911Z [[32minfo[39m]: Turno del héroe con ID: user8, Side: red
2024-09-05T13:30:56.916Z [[32minfo[39m]: Turno del héroe con ID: user9, Side: blue
2024-09-05T13:30:58.609Z [[32minfo[39m]: Turno del héroe con ID: user8, Side: red
2024-09-05T13:31:03.611Z [[32minfo[39m]: Turno del héroe con ID: user9, Side: blue
2024-09-05T13:31:07.359Z [[32minfo[39m]: x.x
2024-09-05T13:31:07.360Z [[32minfo[39m]: Turno del héroe con ID: user8, Side: red
2024-09-05T13:31:12.371Z [[32minfo[39m]: Turno del héroe con ID: user9, Side: blue
2024-09-05T13:31:17.381Z [[32minfo[39m]: Turno del héroe con ID: user8, Side: red
2024-09-05T13:31:22.389Z [[32minfo[39m]: Turno del héroe con ID: user9, Side: blue
2024-09-05T13:31:26.105Z [[32minfo[39m]: x.x
2024-09-05T13:31:26.106Z [[32minfo[39m]: Turno del héroe con ID: user8, Side: red
2024-09-05T13:31:31.109Z [[32minfo[39m]: Turno del héroe con ID: user9, Side: blue
2024-09-05T13:31:36.111Z [[32minfo[39m]: Turno del héroe con ID: user8, Side: red
2024-09-05T13:31:41.123Z [[32minfo[39m]: Turno del héroe con ID: user9, Side: blue
2024-09-05T13:31:46.138Z [[32minfo[39m]: Turno del héroe con ID: user8, Side: red
2024-09-05T13:31:51.154Z [[32minfo[39m]: Turno del héroe con ID: user9, Side: blue
2024-09-05T13:31:56.159Z [[32minfo[39m]: Turno del héroe con ID: user8, Side: red
2024-09-05T13:32:01.164Z [[32minfo[39m]: Turno del héroe con ID: user9, Side: blue
2024-09-05T13:32:06.172Z [[32minfo[39m]: Turno del héroe con ID: user8, Side: red
2024-09-05T13:32:11.179Z [[32minfo[39m]: Turno del héroe con ID: user9, Side: blue
2024-09-05T13:32:16.187Z [[32minfo[39m]: Turno del héroe con ID: user8, Side: red
2024-09-05T13:32:21.192Z [[32minfo[39m]: Turno del héroe con ID: user9, Side: blue
2024-09-05T13:32:26.040Z [[32minfo[39m]: x.x
2024-09-05T13:32:26.041Z [[32minfo[39m]: Turno del héroe con ID: user8, Side: red
2024-09-05T13:32:31.042Z [[32minfo[39m]: Turno del héroe con ID: user9, Side: blue
2024-09-05T13:32:36.047Z [[32minfo[39m]: Turno del héroe con ID: user8, Side: red
2024-09-05T13:32:41.064Z [[32minfo[39m]: Turno del héroe con ID: user9, Side: blue
2024-09-05T13:32:46.080Z [[32minfo[39m]: Turno del héroe con ID: user8, Side: red
2024-09-05T13:32:51.090Z [[32minfo[39m]: Turno del héroe con ID: user9, Side: blue
2024-09-05T13:32:56.100Z [[32minfo[39m]: Turno del héroe con ID: user8, Side: red
2024-09-05T13:33:01.114Z [[32minfo[39m]: Turno del héroe con ID: user9, Side: blue
2024-09-05T13:33:06.125Z [[32minfo[39m]: Turno del héroe con ID: user8, Side: red
2024-09-05T13:33:11.133Z [[32minfo[39m]: Turno del héroe con ID: user9, Side: blue
2024-09-05T13:33:15.880Z [[32minfo[39m]: x.x
2024-09-05T13:33:15.881Z [[32minfo[39m]: Turno del héroe con ID: user8, Side: red
2024-09-05T13:33:20.882Z [[32minfo[39m]: Turno del héroe con ID: user9, Side: blue
2024-09-05T13:33:25.897Z [[32minfo[39m]: Turno del héroe con ID: user8, Side: red
2024-09-05T13:33:30.906Z [[32minfo[39m]: Turno del héroe con ID: user9, Side: blue
2024-09-05T13:33:35.917Z [[32minfo[39m]: Turno del héroe con ID: user8, Side: red
2024-09-05T13:33:40.933Z [[32minfo[39m]: Turno del héroe con ID: user9, Side: blue
2024-09-05T13:33:45.942Z [[32minfo[39m]: Turno del héroe con ID: user8, Side: red
2024-09-05T13:33:50.952Z [[32minfo[39m]: Turno del héroe con ID: user9, Side: blue
2024-09-05T13:33:55.963Z [[32minfo[39m]: Turno del héroe con ID: user8, Side: red
2024-09-05T13:34:00.974Z [[32minfo[39m]: Turno del héroe con ID: user9, Side: blue
2024-09-05T13:34:05.979Z [[32minfo[39m]: Turno del héroe con ID: user8, Side: red
2024-09-05T13:34:10.991Z [[32minfo[39m]: Turno del héroe con ID: user9, Side: blue
2024-09-05T13:34:15.998Z [[32minfo[39m]: Turno del héroe con ID: user8, Side: red
2024-09-05T13:34:21.015Z [[32minfo[39m]: Turno del héroe con ID: user9, Side: blue
2024-09-05T13:34:26.029Z [[32minfo[39m]: Turno del héroe con ID: user8, Side: red
2024-09-05T13:34:31.034Z [[32minfo[39m]: Turno del héroe con ID: user9, Side: blue
2024-09-05T13:34:36.035Z [[32minfo[39m]: Turno del héroe con ID: user8, Side: red
2024-09-05T13:34:41.040Z [[32minfo[39m]: Turno del héroe con ID: user9, Side: blue
2024-09-05T13:34:43.088Z [[32minfo[39m]: x.x
2024-09-05T13:34:43.089Z [[32minfo[39m]: Turno del héroe con ID: user8, Side: red
2024-09-05T13:34:48.096Z [[32minfo[39m]: Turno del héroe con ID: user9, Side: blue
2024-09-05T13:34:50.432Z [[32minfo[39m]: x.x
2024-09-05T13:34:50.434Z [[32minfo[39m]: Turno del héroe con ID: user8, Side: red
2024-09-05T13:34:55.440Z [[32minfo[39m]: Turno del héroe con ID: user9, Side: blue
2024-09-05T13:34:57.360Z [[32minfo[39m]: x.x
2024-09-05T13:34:57.361Z [[32minfo[39m]: Turno del héroe con ID: user8, Side: red
2024-09-05T13:35:02.362Z [[32minfo[39m]: Turno del héroe con ID: user9, Side: blue
2024-09-05T13:35:05.864Z [[32minfo[39m]: x.x
2024-09-05T13:35:05.866Z [[32minfo[39m]: Turno del héroe con ID: user8, Side: red
2024-09-05T13:35:10.867Z [[32minfo[39m]: Turno del héroe con ID: user9, Side: blue
2024-09-05T13:35:15.875Z [[32minfo[39m]: Turno del héroe con ID: user8, Side: red
2024-09-05T13:35:20.891Z [[32minfo[39m]: Turno del héroe con ID: user9, Side: blue
2024-09-05T13:35:21.914Z [[32minfo[39m]: The user YEr138s1-5DEi-suAAAP has disconnected.
2024-09-05T13:35:22.060Z [[32minfo[39m]: a user has connected!
2024-09-05T13:35:22.242Z [[32minfo[39m]: The user 44tWsg6R-xkchNjWAAAL has disconnected.
2024-09-05T13:35:22.516Z [[32minfo[39m]: a user has connected!
2024-09-05T13:35:24.274Z [[32minfo[39m]: The user 4CpNOLQ7DZk0MIgCAAAR has disconnected.
2024-09-05T13:35:24.381Z [[32minfo[39m]: a user has connected!
2024-09-05T13:35:24.395Z [[32minfo[39m]: Información recibida: 
2024-09-05T13:35:24.395Z [[31merror[39m]: trying to add a user that already is here????
2024-09-05T13:35:25.895Z [[32minfo[39m]: Turno del héroe con ID: user8, Side: red
2024-09-05T13:35:30.901Z [[32minfo[39m]: Turno del héroe con ID: user9, Side: blue
2024-09-05T13:35:35.918Z [[32minfo[39m]: Turno del héroe con ID: user8, Side: red
2024-09-05T13:35:40.928Z [[32minfo[39m]: Turno del héroe con ID: user9, Side: blue
2024-09-05T13:35:45.929Z [[32minfo[39m]: Turno del héroe con ID: user8, Side: red
2024-09-05T13:35:50.936Z [[32minfo[39m]: Turno del héroe con ID: user9, Side: blue
2024-09-05T13:35:52.528Z [[32minfo[39m]: x.x
2024-09-05T13:35:52.529Z [[32minfo[39m]: Turno del héroe con ID: user8, Side: red
2024-09-05T13:35:57.543Z [[32minfo[39m]: Turno del héroe con ID: user9, Side: blue
2024-09-05T13:35:57.696Z [[32minfo[39m]: The user OOg7nLmOdGPb5zW4AAAV has disconnected.
2024-09-05T13:35:57.827Z [[32minfo[39m]: a user has connected!
2024-09-05T13:35:57.854Z [[32minfo[39m]: Información recibida: 
2024-09-05T13:35:57.855Z [[31merror[39m]: trying to add a user that already is here????
2024-09-05T13:35:58.239Z [[32minfo[39m]: The user 9NwK6cD7NcoZYNrrAAAT has disconnected.
2024-09-05T13:35:58.624Z [[32minfo[39m]: a user has connected!
2024-09-05T13:36:02.561Z [[32minfo[39m]: Turno del héroe con ID: user8, Side: red
2024-09-05T13:36:07.566Z [[32minfo[39m]: Turno del héroe con ID: user9, Side: blue
2024-09-05T13:36:09.648Z [[32minfo[39m]: x.x
2024-09-05T13:36:09.649Z [[32minfo[39m]: Turno del héroe con ID: user8, Side: red
2024-09-05T13:36:14.655Z [[32minfo[39m]: Turno del héroe con ID: user9, Side: blue
2024-09-05T13:36:17.608Z [[32minfo[39m]: x.x
2024-09-05T13:36:17.609Z [[32minfo[39m]: Turno del héroe con ID: user8, Side: red
2024-09-05T13:36:22.610Z [[32minfo[39m]: Turno del héroe con ID: user9, Side: blue
2024-09-05T13:36:27.625Z [[32minfo[39m]: Turno del héroe con ID: user8, Side: red
2024-09-05T13:36:32.633Z [[32minfo[39m]: Turno del héroe con ID: user9, Side: blue
2024-09-05T13:36:37.646Z [[32minfo[39m]: Turno del héroe con ID: user8, Side: red
2024-09-05T13:36:42.648Z [[32minfo[39m]: Turno del héroe con ID: user9, Side: blue
2024-09-05T13:36:47.653Z [[32minfo[39m]: Turno del héroe con ID: user8, Side: red
2024-09-05T13:36:52.667Z [[32minfo[39m]: Turno del héroe con ID: user9, Side: blue
2024-09-05T13:36:57.680Z [[32minfo[39m]: Turno del héroe con ID: user8, Side: red
2024-09-05T13:37:02.693Z [[32minfo[39m]: Turno del héroe con ID: user9, Side: blue
2024-09-05T13:37:06.074Z [[32minfo[39m]: The user oWzp1qlSfId-1Z3qAAAX has disconnected.
2024-09-05T13:37:06.191Z [[32minfo[39m]: a user has connected!
2024-09-05T13:37:06.215Z [[32minfo[39m]: Información recibida: 
2024-09-05T13:37:06.215Z [[31merror[39m]: trying to add a user that already is here????
2024-09-05T13:37:07.266Z [[32minfo[39m]: The user NZqOG4PORAbIq1orAAAZ has disconnected.
2024-09-05T13:37:07.478Z [[32minfo[39m]: a user has connected!
2024-09-05T13:37:07.703Z [[32minfo[39m]: Turno del héroe con ID: user8, Side: red
2024-09-05T13:37:11.601Z [[32minfo[39m]: The user vwGAD7FTaivaNP1wAAAb has disconnected.
2024-09-05T13:37:11.606Z [[32minfo[39m]: The user LGASZNSVfkWxsFcIAAAd has disconnected.
2024-09-05T13:37:11.749Z [[32minfo[39m]: a user has connected!
2024-09-05T13:37:11.899Z [[32minfo[39m]: a user has connected!
2024-09-05T13:37:12.708Z [[32minfo[39m]: Turno del héroe con ID: user9, Side: blue
2024-09-05T13:37:14.586Z [[32minfo[39m]: The user 2Y4mXk2fzOGoH8zJAAAf has disconnected.
2024-09-05T13:37:14.689Z [[32minfo[39m]: a user has connected!
2024-09-05T13:37:14.701Z [[32minfo[39m]: Información recibida: 
2024-09-05T13:37:14.701Z [[31merror[39m]: trying to add a user that already is here????
2024-09-05T13:37:15.240Z [[32minfo[39m]: The user wpzSK7eEunxgeRakAAAh has disconnected.
2024-09-05T13:37:15.385Z [[32minfo[39m]: a user has connected!
2024-09-05T13:37:16.587Z [[32minfo[39m]: The user yeP-ZIldfYPZYCRcAAAj has disconnected.
2024-09-05T13:37:16.676Z [[32minfo[39m]: a user has connected!
2024-09-05T13:37:17.236Z [[32minfo[39m]: The user _tEpKVArVcw1Tw5WAAAl has disconnected.
2024-09-05T13:37:17.398Z [[32minfo[39m]: a user has connected!
2024-09-05T13:37:17.714Z [[32minfo[39m]: Turno del héroe con ID: user8, Side: red
2024-09-05T13:37:22.728Z [[32minfo[39m]: Turno del héroe con ID: user9, Side: blue
2024-09-05T13:37:23.926Z [[32minfo[39m]: The user Mj3DaDaD02amwPB7AAAn has disconnected.
2024-09-05T13:37:24.035Z [[32minfo[39m]: a user has connected!
2024-09-05T13:37:24.242Z [[32minfo[39m]: The user zXgsXR9ErmLQJk-MAAAp has disconnected.
2024-09-05T13:37:24.372Z [[32minfo[39m]: a user has connected!
2024-09-05T13:37:27.741Z [[32minfo[39m]: Turno del héroe con ID: user8, Side: red
2024-09-05T13:37:31.230Z [[32minfo[39m]: The user jP5OGn4_546TuCHoAAAt has disconnected.
2024-09-05T13:37:31.267Z [[32minfo[39m]: The user 0DFc6oo156RbThH-AAAr has disconnected.
2024-09-05T13:37:31.394Z [[32minfo[39m]: a user has connected!
2024-09-05T13:37:31.413Z [[32minfo[39m]: Información recibida: 
2024-09-05T13:37:31.414Z [[31merror[39m]: trying to add a user that already is here????
2024-09-05T13:37:31.561Z [[32minfo[39m]: a user has connected!
2024-09-05T13:37:32.746Z [[32minfo[39m]: Turno del héroe con ID: user9, Side: blue
2024-09-05T13:37:36.920Z [[32minfo[39m]: x.x
2024-09-05T13:37:36.921Z [[32minfo[39m]: Turno del héroe con ID: user8, Side: red
2024-09-05T13:37:41.930Z [[32minfo[39m]: Turno del héroe con ID: user9, Side: blue
2024-09-05T13:37:44.233Z [[32minfo[39m]: x.x
2024-09-05T13:37:44.233Z [[32minfo[39m]: Turno del héroe con ID: user8, Side: red
2024-09-05T13:37:49.244Z [[32minfo[39m]: Turno del héroe con ID: user9, Side: blue
2024-09-05T13:37:54.251Z [[32minfo[39m]: Turno del héroe con ID: user8, Side: red
2024-09-05T13:37:59.268Z [[32minfo[39m]: Turno del héroe con ID: user9, Side: blue
2024-09-05T13:38:00.080Z [[32minfo[39m]: The user KSsdDElDgAYL8LGXAAAv has disconnected.
2024-09-05T13:38:00.202Z [[32minfo[39m]: a user has connected!
2024-09-05T13:38:00.271Z [[32minfo[39m]: The user mpZG6LkTpG_5YCKuAAAx has disconnected.
2024-09-05T13:38:00.449Z [[32minfo[39m]: a user has connected!
2024-09-05T13:38:03.085Z [[32minfo[39m]: The user D7lNbrBd4fn32Q-kAAAz has disconnected.
2024-09-05T13:38:03.195Z [[32minfo[39m]: a user has connected!
2024-09-05T13:38:03.655Z [[32minfo[39m]: The user ybmf4pVTIhC3ki33AAA3 has disconnected.
2024-09-05T13:38:03.747Z [[32minfo[39m]: a user has connected!
2024-09-05T13:38:03.770Z [[32minfo[39m]: Información recibida: 
2024-09-05T13:38:03.770Z [[31merror[39m]: trying to add a user that already is here????
2024-09-05T13:38:04.274Z [[32minfo[39m]: Turno del héroe con ID: user8, Side: red
2024-09-05T13:38:09.287Z [[32minfo[39m]: Turno del héroe con ID: user9, Side: blue
2024-09-05T13:38:11.359Z [[32minfo[39m]: x.x
2024-09-05T13:38:11.360Z [[32minfo[39m]: Turno del héroe con ID: user8, Side: red
2024-09-05T13:38:16.366Z [[32minfo[39m]: Turno del héroe con ID: user9, Side: blue
2024-09-05T13:38:21.366Z [[32minfo[39m]: Turno del héroe con ID: user8, Side: red
2024-09-05T13:38:26.385Z [[32minfo[39m]: Turno del héroe con ID: user9, Side: blue
2024-09-05T13:38:31.388Z [[32minfo[39m]: Turno del héroe con ID: user8, Side: red
2024-09-05T13:38:36.399Z [[32minfo[39m]: Turno del héroe con ID: user9, Side: blue
2024-09-05T13:38:41.410Z [[32minfo[39m]: Turno del héroe con ID: user8, Side: red
2024-09-05T13:38:46.418Z [[32minfo[39m]: Turno del héroe con ID: user9, Side: blue
2024-09-05T13:38:51.431Z [[32minfo[39m]: Turno del héroe con ID: user8, Side: red
2024-09-05T13:38:56.443Z [[32minfo[39m]: Turno del héroe con ID: user9, Side: blue
2024-09-05T13:39:01.449Z [[32minfo[39m]: Turno del héroe con ID: user8, Side: red
2024-09-05T13:39:06.452Z [[32minfo[39m]: Turno del héroe con ID: user9, Side: blue
2024-09-05T13:39:11.459Z [[32minfo[39m]: Turno del héroe con ID: user8, Side: red
2024-09-05T13:39:16.472Z [[32minfo[39m]: Turno del héroe con ID: user9, Side: blue
2024-09-05T13:39:20.273Z [[32minfo[39m]: The user URox-C40CnFX1MrfAAA5 has disconnected.
2024-09-05T13:39:20.315Z [[32minfo[39m]: The user KgI1pGKHwPKG6sCNAAA1 has disconnected.
2024-09-05T13:39:20.416Z [[32minfo[39m]: a user has connected!
2024-09-05T13:39:20.615Z [[32minfo[39m]: a user has connected!
2024-09-05T13:39:21.483Z [[32minfo[39m]: Turno del héroe con ID: user8, Side: red
2024-09-05T13:39:26.485Z [[32minfo[39m]: Turno del héroe con ID: user9, Side: blue
2024-09-05T13:39:31.501Z [[32minfo[39m]: Turno del héroe con ID: user8, Side: red
2024-09-05T13:39:36.511Z [[32minfo[39m]: Turno del héroe con ID: user9, Side: blue
2024-09-05T13:39:41.512Z [[32minfo[39m]: Turno del héroe con ID: user8, Side: red
2024-09-05T13:39:46.520Z [[32minfo[39m]: Turno del héroe con ID: user9, Side: blue
2024-09-05T13:39:51.536Z [[32minfo[39m]: Turno del héroe con ID: user8, Side: red
2024-09-05T13:39:56.540Z [[32minfo[39m]: Turno del héroe con ID: user9, Side: blue
2024-09-05T13:39:57.739Z [[32minfo[39m]: The user h8iDhNKvMQ7XJCrBAAA9 has disconnected.
2024-09-05T13:39:57.765Z [[32minfo[39m]: The user i13yPO8_M3EzLrtYAAA7 has disconnected.
2024-09-05T13:39:57.901Z [[32minfo[39m]: a user has connected!
2024-09-05T13:39:58.111Z [[32minfo[39m]: a user has connected!
2024-09-05T13:40:00.394Z [[32minfo[39m]: The user 7XQeXW2mqKdDKPTnAAA_ has disconnected.
2024-09-05T13:40:00.489Z [[32minfo[39m]: a user has connected!
2024-09-05T13:40:01.036Z [[32minfo[39m]: The user XP2cXxTnw3jYxmo_AABD has disconnected.
2024-09-05T13:40:01.131Z [[32minfo[39m]: a user has connected!
2024-09-05T13:40:01.143Z [[32minfo[39m]: Información recibida: 
2024-09-05T13:40:01.143Z [[31merror[39m]: trying to add a user that already is here????
2024-09-05T13:40:01.552Z [[32minfo[39m]: Turno del héroe con ID: user8, Side: red
2024-09-05T13:40:01.569Z [[32minfo[39m]: The user qTPcczzCvQagTBX1AABF has disconnected.
2024-09-05T13:40:01.666Z [[32minfo[39m]: a user has connected!
2024-09-05T13:40:01.689Z [[32minfo[39m]: Información recibida: 
2024-09-05T13:40:01.689Z [[31merror[39m]: trying to add a user that already is here????
2024-09-05T13:40:06.555Z [[32minfo[39m]: Turno del héroe con ID: user9, Side: blue
2024-09-05T13:40:08.984Z [[32minfo[39m]: x.x
2024-09-05T13:40:08.985Z [[32minfo[39m]: Turno del héroe con ID: user8, Side: red
2024-09-05T13:40:13.991Z [[32minfo[39m]: Turno del héroe con ID: user9, Side: blue
2024-09-05T13:40:18.996Z [[32minfo[39m]: Turno del héroe con ID: user8, Side: red
2024-09-05T13:40:23.998Z [[32minfo[39m]: Turno del héroe con ID: user9, Side: blue
2024-09-05T13:40:26.587Z [[32minfo[39m]: The user 78ONKFLDcDaazqctAABH has disconnected.
2024-09-05T13:40:26.681Z [[32minfo[39m]: a user has connected!
2024-09-05T13:40:26.707Z [[32minfo[39m]: Información recibida: 
2024-09-05T13:40:26.707Z [[31merror[39m]: trying to add a user that already is here????
2024-09-05T13:40:27.235Z [[32minfo[39m]: The user cCVvdgpvNl671AClAABB has disconnected.
2024-09-05T13:40:27.385Z [[32minfo[39m]: a user has connected!
2024-09-05T13:40:28.999Z [[32minfo[39m]: Turno del héroe con ID: user8, Side: red
2024-09-05T13:40:34.015Z [[32minfo[39m]: Turno del héroe con ID: user9, Side: blue
2024-09-05T13:40:39.024Z [[32minfo[39m]: Turno del héroe con ID: user8, Side: red
2024-09-05T13:40:44.025Z [[32minfo[39m]: Turno del héroe con ID: user9, Side: blue
2024-09-05T13:40:49.038Z [[32minfo[39m]: Turno del héroe con ID: user8, Side: red
2024-09-05T13:40:54.047Z [[32minfo[39m]: Turno del héroe con ID: user9, Side: blue
2024-09-05T13:40:59.050Z [[32minfo[39m]: Turno del héroe con ID: user8, Side: red
2024-09-05T13:41:04.054Z [[32minfo[39m]: Turno del héroe con ID: user9, Side: blue
2024-09-05T13:41:09.066Z [[32minfo[39m]: Turno del héroe con ID: user8, Side: red
2024-09-05T13:41:14.069Z [[32minfo[39m]: Turno del héroe con ID: user9, Side: blue
2024-09-05T13:41:19.077Z [[32minfo[39m]: Turno del héroe con ID: user8, Side: red
2024-09-05T13:41:24.085Z [[32minfo[39m]: Turno del héroe con ID: user9, Side: blue
2024-09-05T13:41:29.089Z [[32minfo[39m]: Turno del héroe con ID: user8, Side: red
2024-09-05T13:41:34.099Z [[32minfo[39m]: Turno del héroe con ID: user9, Side: blue
2024-09-05T13:41:39.112Z [[32minfo[39m]: Turno del héroe con ID: user8, Side: red
2024-09-05T13:41:44.119Z [[32minfo[39m]: Turno del héroe con ID: user9, Side: blue
2024-09-05T13:41:49.076Z [[32minfo[39m]: The user CNprpNvBFfTe-AD2AABL has disconnected.
2024-09-05T13:41:49.104Z [[32minfo[39m]: The user 4zmV02n9MekPDcOxAABJ has disconnected.
2024-09-05T13:41:49.127Z [[32minfo[39m]: Turno del héroe con ID: user8, Side: red
2024-09-05T13:41:49.254Z [[32minfo[39m]: a user has connected!
2024-09-05T13:41:49.435Z [[32minfo[39m]: a user has connected!
2024-09-05T13:41:51.387Z [[32minfo[39m]: The user n_WmvrXdCROSPFVmAABN has disconnected.
2024-09-05T13:41:51.485Z [[32minfo[39m]: a user has connected!
2024-09-05T13:41:51.501Z [[32minfo[39m]: Información recibida: 
2024-09-05T13:41:51.501Z [[31merror[39m]: trying to add a user that already is here????
2024-09-05T13:41:54.132Z [[32minfo[39m]: Turno del héroe con ID: user9, Side: blue
2024-09-05T13:41:59.142Z [[32minfo[39m]: Turno del héroe con ID: user8, Side: red
2024-09-05T13:42:04.152Z [[32minfo[39m]: Turno del héroe con ID: user9, Side: blue
2024-09-05T13:42:06.312Z [[32minfo[39m]: x.x
2024-09-05T13:42:06.313Z [[32minfo[39m]: Turno del héroe con ID: user8, Side: red
2024-09-05T13:42:11.323Z [[32minfo[39m]: Turno del héroe con ID: user9, Side: blue
2024-09-05T13:42:16.337Z [[32minfo[39m]: Turno del héroe con ID: user8, Side: red
2024-09-05T13:42:21.357Z [[32minfo[39m]: Turno del héroe con ID: user9, Side: blue
2024-09-05T13:42:26.365Z [[32minfo[39m]: Turno del héroe con ID: user8, Side: red
2024-09-05T13:42:31.374Z [[32minfo[39m]: Turno del héroe con ID: user9, Side: blue
2024-09-05T13:42:36.382Z [[32minfo[39m]: Turno del héroe con ID: user8, Side: red
2024-09-05T13:42:41.399Z [[32minfo[39m]: Turno del héroe con ID: user9, Side: blue
2024-09-05T13:42:46.416Z [[32minfo[39m]: Turno del héroe con ID: user8, Side: red
2024-09-05T13:42:51.426Z [[32minfo[39m]: Turno del héroe con ID: user9, Side: blue
2024-09-05T13:42:56.434Z [[32minfo[39m]: Turno del héroe con ID: user8, Side: red
2024-09-05T13:43:01.450Z [[32minfo[39m]: Turno del héroe con ID: user9, Side: blue
2024-09-05T13:43:06.458Z [[32minfo[39m]: Turno del héroe con ID: user8, Side: red
2024-09-05T13:43:11.466Z [[32minfo[39m]: Turno del héroe con ID: user9, Side: blue
2024-09-05T13:43:16.478Z [[32minfo[39m]: Turno del héroe con ID: user8, Side: red
2024-09-05T13:43:21.490Z [[32minfo[39m]: Turno del héroe con ID: user9, Side: blue
2024-09-05T13:43:23.728Z [[32minfo[39m]: x.x
2024-09-05T13:43:23.730Z [[32minfo[39m]: Turno del héroe con ID: user8, Side: red
2024-09-05T13:43:28.740Z [[32minfo[39m]: Turno del héroe con ID: user9, Side: blue
2024-09-05T13:43:33.756Z [[32minfo[39m]: Turno del héroe con ID: user8, Side: red
2024-09-05T13:43:38.772Z [[32minfo[39m]: Turno del héroe con ID: user9, Side: blue
2024-09-05T13:43:43.785Z [[32minfo[39m]: Turno del héroe con ID: user8, Side: red
2024-09-05T13:43:48.792Z [[32minfo[39m]: Turno del héroe con ID: user9, Side: blue
2024-09-05T13:43:53.794Z [[32minfo[39m]: Turno del héroe con ID: user8, Side: red
2024-09-05T13:43:58.812Z [[32minfo[39m]: Turno del héroe con ID: user9, Side: blue
2024-09-05T13:44:03.819Z [[32minfo[39m]: Turno del héroe con ID: user8, Side: red
2024-09-05T13:44:08.824Z [[32minfo[39m]: Turno del héroe con ID: user9, Side: blue
2024-09-05T13:44:13.836Z [[32minfo[39m]: Turno del héroe con ID: user8, Side: red
2024-09-05T13:44:18.838Z [[32minfo[39m]: Turno del héroe con ID: user9, Side: blue
2024-09-05T13:44:23.841Z [[32minfo[39m]: Turno del héroe con ID: user8, Side: red
2024-09-05T13:44:28.850Z [[32minfo[39m]: Turno del héroe con ID: user9, Side: blue
2024-09-05T13:44:33.853Z [[32minfo[39m]: Turno del héroe con ID: user8, Side: red
2024-09-05T13:44:38.861Z [[32minfo[39m]: Turno del héroe con ID: user9, Side: blue
2024-09-05T13:44:43.872Z [[32minfo[39m]: Turno del héroe con ID: user8, Side: red
2024-09-05T13:44:48.881Z [[32minfo[39m]: Turno del héroe con ID: user9, Side: blue
2024-09-05T13:44:50.789Z [[32minfo[39m]: The user FL-JNQZqkpfWKBPEAABR has disconnected.
2024-09-05T13:44:50.917Z [[32minfo[39m]: a user has connected!
2024-09-05T13:44:51.243Z [[32minfo[39m]: The user l9gmdopvocQLKwjcAABP has disconnected.
2024-09-05T13:44:51.409Z [[32minfo[39m]: a user has connected!
2024-09-05T13:44:53.210Z [[32minfo[39m]: The user 4n1c64El1BV_jQ7BAABT has disconnected.
2024-09-05T13:44:53.320Z [[32minfo[39m]: a user has connected!
2024-09-05T13:44:53.349Z [[32minfo[39m]: Información recibida: 
2024-09-05T13:44:53.349Z [[31merror[39m]: trying to add a user that already is here????
2024-09-05T13:44:53.786Z [[32minfo[39m]: The user nB-d6QHHcejtqe3UAABX has disconnected.
2024-09-05T13:44:53.887Z [[32minfo[39m]: Turno del héroe con ID: user8, Side: red
2024-09-05T13:44:53.891Z [[32minfo[39m]: a user has connected!
2024-09-05T13:44:55.113Z [[32minfo[39m]: The user y3pykB50qFPWj7_qAABZ has disconnected.
2024-09-05T13:44:55.197Z [[32minfo[39m]: a user has connected!
2024-09-05T13:44:55.206Z [[32minfo[39m]: Información recibida: 
2024-09-05T13:44:55.207Z [[31merror[39m]: trying to add a user that already is here????
2024-09-05T13:44:55.663Z [[32minfo[39m]: The user 8y7nkvmFGW0ljLIsAABb has disconnected.
2024-09-05T13:44:55.766Z [[32minfo[39m]: a user has connected!
2024-09-05T13:44:55.787Z [[32minfo[39m]: Información recibida: 
2024-09-05T13:44:55.787Z [[31merror[39m]: trying to add a user that already is here????
2024-09-05T13:44:56.187Z [[32minfo[39m]: The user TtLxg4AxbJaHUjkwAABd has disconnected.
2024-09-05T13:44:56.278Z [[32minfo[39m]: a user has connected!
2024-09-05T13:44:56.796Z [[32minfo[39m]: The user Wgs9T5CdtIj0Zw1wAABf has disconnected.
2024-09-05T13:44:56.876Z [[32minfo[39m]: a user has connected!
2024-09-05T13:44:57.322Z [[32minfo[39m]: The user Bu5L4JFlut9TxCgpAABh has disconnected.
2024-09-05T13:44:57.406Z [[32minfo[39m]: a user has connected!
2024-09-05T13:44:57.421Z [[32minfo[39m]: Información recibida: 
2024-09-05T13:44:57.421Z [[31merror[39m]: trying to add a user that already is here????
2024-09-05T13:44:58.892Z [[32minfo[39m]: Turno del héroe con ID: user9, Side: blue
2024-09-05T13:45:03.907Z [[32minfo[39m]: Turno del héroe con ID: user8, Side: red
2024-09-05T13:45:08.913Z [[32minfo[39m]: Turno del héroe con ID: user9, Side: blue
2024-09-05T13:45:13.918Z [[32minfo[39m]: Turno del héroe con ID: user8, Side: red
2024-09-05T13:45:18.924Z [[32minfo[39m]: Turno del héroe con ID: user9, Side: blue
2024-09-05T13:45:23.932Z [[32minfo[39m]: Turno del héroe con ID: user8, Side: red
2024-09-05T13:45:28.940Z [[32minfo[39m]: Turno del héroe con ID: user9, Side: blue
2024-09-05T13:45:33.948Z [[32minfo[39m]: Turno del héroe con ID: user8, Side: red
2024-09-05T13:45:38.962Z [[32minfo[39m]: Turno del héroe con ID: user9, Side: blue
2024-09-05T13:45:41.764Z [[32minfo[39m]: The user gqunaAWi7-_dmFxuAABj has disconnected.
2024-09-05T13:45:41.874Z [[32minfo[39m]: a user has connected!
2024-09-05T13:45:43.972Z [[32minfo[39m]: Turno del héroe con ID: user8, Side: red
2024-09-05T13:45:48.986Z [[32minfo[39m]: Turno del héroe con ID: user9, Side: blue
2024-09-05T13:45:52.181Z [[32minfo[39m]: The user MULHoiFWRzZewESmAABl has disconnected.
2024-09-05T13:45:52.273Z [[32minfo[39m]: a user has connected!
2024-09-05T13:45:52.281Z [[32minfo[39m]: Información recibida: 
2024-09-05T13:45:52.281Z [[31merror[39m]: trying to add a user that already is here????
2024-09-05T13:45:53.992Z [[32minfo[39m]: Turno del héroe con ID: user8, Side: red
2024-09-05T13:45:58.999Z [[32minfo[39m]: Turno del héroe con ID: user9, Side: blue
2024-09-05T13:46:04.003Z [[32minfo[39m]: Turno del héroe con ID: user8, Side: red
2024-09-05T13:46:09.011Z [[32minfo[39m]: Turno del héroe con ID: user9, Side: blue
2024-09-05T13:46:14.020Z [[32minfo[39m]: Turno del héroe con ID: user8, Side: red
2024-09-05T13:46:19.027Z [[32minfo[39m]: Turno del héroe con ID: user9, Side: blue
2024-09-05T13:46:20.538Z [[32minfo[39m]: x.x
2024-09-05T13:46:20.539Z [[32minfo[39m]: Turno del héroe con ID: user8, Side: red
2024-09-05T13:46:25.540Z [[32minfo[39m]: Turno del héroe con ID: user9, Side: blue
2024-09-05T13:46:30.553Z [[32minfo[39m]: Turno del héroe con ID: user8, Side: red
2024-09-05T13:46:35.557Z [[32minfo[39m]: Turno del héroe con ID: user9, Side: blue
2024-09-05T13:46:40.566Z [[32minfo[39m]: Turno del héroe con ID: user8, Side: red
2024-09-05T13:46:45.586Z [[32minfo[39m]: Turno del héroe con ID: user9, Side: blue
2024-09-05T13:46:50.594Z [[32minfo[39m]: Turno del héroe con ID: user8, Side: red
2024-09-05T13:46:55.609Z [[32minfo[39m]: Turno del héroe con ID: user9, Side: blue
2024-09-05T13:47:00.628Z [[32minfo[39m]: Turno del héroe con ID: user8, Side: red
2024-09-05T13:47:05.644Z [[32minfo[39m]: Turno del héroe con ID: user9, Side: blue
2024-09-05T13:47:10.654Z [[32minfo[39m]: Turno del héroe con ID: user8, Side: red
2024-09-05T13:47:15.666Z [[32minfo[39m]: Turno del héroe con ID: user9, Side: blue
2024-09-05T13:47:20.682Z [[32minfo[39m]: Turno del héroe con ID: user8, Side: red
2024-09-05T13:47:25.684Z [[32minfo[39m]: Turno del héroe con ID: user9, Side: blue
2024-09-05T13:47:30.695Z [[32minfo[39m]: Turno del héroe con ID: user8, Side: red
2024-09-05T13:47:35.696Z [[32minfo[39m]: Turno del héroe con ID: user9, Side: blue
2024-09-05T13:47:37.209Z [[32minfo[39m]: x.x
2024-09-05T13:47:37.210Z [[32minfo[39m]: Turno del héroe con ID: user8, Side: red
2024-09-05T13:47:42.212Z [[32minfo[39m]: Turno del héroe con ID: user9, Side: blue
2024-09-05T13:47:45.156Z [[32minfo[39m]: The user 0-W6sJRhetUDN0hZAABn has disconnected.
2024-09-05T13:47:45.280Z [[32minfo[39m]: a user has connected!
2024-09-05T13:47:45.309Z [[32minfo[39m]: Información recibida: 
2024-09-05T13:47:45.324Z [[31merror[39m]: trying to add a user that already is here????
2024-09-05T13:47:46.234Z [[32minfo[39m]: The user H7gwvRczUshDXL_fAABV has disconnected.
2024-09-05T13:47:46.604Z [[32minfo[39m]: a user has connected!
2024-09-05T13:47:47.221Z [[32minfo[39m]: Turno del héroe con ID: user8, Side: red
2024-09-05T13:47:49.838Z [[32minfo[39m]: The user a804gAgs-ZVjlBWQAABp has disconnected.
2024-09-05T13:47:49.934Z [[32minfo[39m]: a user has connected!
2024-09-05T13:47:49.945Z [[32minfo[39m]: Información recibida: 
2024-09-05T13:47:49.945Z [[31merror[39m]: trying to add a user that already is here????
2024-09-05T13:47:52.232Z [[32minfo[39m]: Turno del héroe con ID: user9, Side: blue
2024-09-05T13:47:57.241Z [[32minfo[39m]: Turno del héroe con ID: user8, Side: red
2024-09-05T13:48:02.248Z [[32minfo[39m]: Turno del héroe con ID: user9, Side: blue
2024-09-05T13:48:07.253Z [[32minfo[39m]: Turno del héroe con ID: user8, Side: red
2024-09-05T13:48:12.263Z [[32minfo[39m]: Turno del héroe con ID: user9, Side: blue
2024-09-05T13:48:14.233Z [[32minfo[39m]: x.x
2024-09-05T13:48:14.234Z [[32minfo[39m]: Turno del héroe con ID: user8, Side: red
2024-09-05T13:48:19.243Z [[32minfo[39m]: Turno del héroe con ID: user9, Side: blue
2024-09-05T13:48:21.448Z [[32minfo[39m]: x.x
2024-09-05T13:48:21.449Z [[32minfo[39m]: Turno del héroe con ID: user8, Side: red
2024-09-05T13:48:26.453Z [[32minfo[39m]: Turno del héroe con ID: user9, Side: blue
2024-09-05T13:48:31.457Z [[32minfo[39m]: Turno del héroe con ID: user8, Side: red
2024-09-05T13:48:36.465Z [[32minfo[39m]: Turno del héroe con ID: user9, Side: blue
2024-09-05T13:48:41.471Z [[32minfo[39m]: Turno del héroe con ID: user8, Side: red
2024-09-05T13:48:46.480Z [[32minfo[39m]: Turno del héroe con ID: user9, Side: blue
2024-09-05T13:48:51.501Z [[32minfo[39m]: Turno del héroe con ID: user8, Side: red
2024-09-05T13:48:56.504Z [[32minfo[39m]: Turno del héroe con ID: user9, Side: blue
2024-09-05T13:49:01.509Z [[32minfo[39m]: Turno del héroe con ID: user8, Side: red
2024-09-05T13:49:06.515Z [[32minfo[39m]: Turno del héroe con ID: user9, Side: blue
2024-09-05T13:49:11.518Z [[32minfo[39m]: Turno del héroe con ID: user8, Side: red
2024-09-05T13:49:16.532Z [[32minfo[39m]: Turno del héroe con ID: user9, Side: blue
2024-09-05T13:49:21.540Z [[32minfo[39m]: Turno del héroe con ID: user8, Side: red
2024-09-05T13:49:26.543Z [[32minfo[39m]: Turno del héroe con ID: user9, Side: blue
2024-09-05T13:49:31.545Z [[32minfo[39m]: Turno del héroe con ID: user8, Side: red
2024-09-05T13:49:36.552Z [[32minfo[39m]: Turno del héroe con ID: user9, Side: blue
2024-09-05T13:49:41.557Z [[32minfo[39m]: Turno del héroe con ID: user8, Side: red
2024-09-05T13:49:46.569Z [[32minfo[39m]: Turno del héroe con ID: user9, Side: blue
2024-09-05T13:49:51.574Z [[32minfo[39m]: Turno del héroe con ID: user8, Side: red
2024-09-05T13:49:56.584Z [[32minfo[39m]: Turno del héroe con ID: user9, Side: blue
2024-09-05T13:50:01.593Z [[32minfo[39m]: Turno del héroe con ID: user8, Side: red
2024-09-05T13:50:06.597Z [[32minfo[39m]: Turno del héroe con ID: user9, Side: blue
2024-09-05T13:50:11.601Z [[32minfo[39m]: Turno del héroe con ID: user8, Side: red
2024-09-05T13:50:16.610Z [[32minfo[39m]: Turno del héroe con ID: user9, Side: blue
2024-09-05T13:50:21.631Z [[32minfo[39m]: Turno del héroe con ID: user8, Side: red
2024-09-05T13:50:26.639Z [[32minfo[39m]: Turno del héroe con ID: user9, Side: blue
2024-09-05T13:50:31.647Z [[32minfo[39m]: Turno del héroe con ID: user8, Side: red
2024-09-05T13:50:36.659Z [[32minfo[39m]: Turno del héroe con ID: user9, Side: blue
2024-09-05T13:50:40.331Z [[32minfo[39m]: The user wTYA2-vefUNfgojLAABr has disconnected.
2024-09-05T13:50:40.367Z [[32minfo[39m]: The user Q58DffByYiIs2yU1AABt has disconnected.
2024-09-05T13:50:40.522Z [[32minfo[39m]: a user has connected!
2024-09-05T13:50:40.535Z [[32minfo[39m]: Información recibida: 
2024-09-05T13:50:40.535Z [[31merror[39m]: trying to add a user that already is here????
2024-09-05T13:50:40.845Z [[32minfo[39m]: a user has connected!
2024-09-05T13:50:41.664Z [[32minfo[39m]: Turno del héroe con ID: user8, Side: red
2024-09-05T13:50:42.995Z [[32minfo[39m]: The user _sRRZpYW_4mvM0REAABv has disconnected.
2024-09-05T13:50:43.090Z [[32minfo[39m]: a user has connected!
2024-09-05T13:50:43.099Z [[32minfo[39m]: Información recibida: 
2024-09-05T13:50:43.099Z [[31merror[39m]: trying to add a user that already is here????
2024-09-05T13:50:46.673Z [[32minfo[39m]: Turno del héroe con ID: user9, Side: blue
2024-09-05T13:50:49.633Z [[32minfo[39m]: x.x
2024-09-05T13:50:49.635Z [[32minfo[39m]: Turno del héroe con ID: user8, Side: red
2024-09-05T13:50:54.646Z [[32minfo[39m]: Turno del héroe con ID: user9, Side: blue
2024-09-05T13:50:56.313Z [[32minfo[39m]: x.x
2024-09-05T13:50:56.314Z [[32minfo[39m]: Turno del héroe con ID: user8, Side: red
2024-09-05T13:51:01.322Z [[32minfo[39m]: Turno del héroe con ID: user9, Side: blue
2024-09-05T13:51:06.337Z [[32minfo[39m]: Turno del héroe con ID: user8, Side: red
2024-09-05T13:51:14.888Z [[32minfo[39m]: Server running on port 3000
2024-09-05T13:51:16.239Z [[32minfo[39m]: a user has connected!
2024-09-05T13:51:16.248Z [[32minfo[39m]: Información recibida: 
2024-09-05T13:51:16.359Z [[32minfo[39m]: a user has connected!
2024-09-05T13:51:16.365Z [[32minfo[39m]: Información recibida: 
2024-09-05T13:51:16.365Z [[31merror[39m]: trying to add a user that already is here????
2024-09-05T13:51:18.511Z [[32minfo[39m]: The user 3FnVf_KODF3uhQ0BAAAD has disconnected.
2024-09-05T13:51:18.619Z [[32minfo[39m]: a user has connected!
2024-09-05T13:51:20.564Z [[32minfo[39m]: The user _-ICLU3StrS0AXvpAAAF has disconnected.
2024-09-05T13:51:20.661Z [[32minfo[39m]: a user has connected!
2024-09-05T13:51:20.694Z [[32minfo[39m]: Información recibida: 
2024-09-05T13:51:20.695Z [[31merror[39m]: trying to add a user that already is here????
2024-09-05T13:51:50.614Z [[32minfo[39m]: The user Hb9AfX38B5CJROmvAAAB has disconnected.
2024-09-05T13:51:50.735Z [[32minfo[39m]: a user has connected!
2024-09-05T13:51:52.953Z [[32minfo[39m]: The user ZwZvG2X6eCveP6EiAAAJ has disconnected.
2024-09-05T13:51:53.047Z [[32minfo[39m]: a user has connected!
2024-09-05T13:51:53.062Z [[32minfo[39m]: Información recibida: 
2024-09-05T13:51:57.003Z [[32minfo[39m]: Turno del héroe con ID: user9, Side: blue
2024-09-05T13:52:02.011Z [[32minfo[39m]: Turno del héroe con ID: user8, Side: red
2024-09-05T13:52:04.202Z [[32minfo[39m]: perpetrator hits!, victim still alive
2024-09-05T13:52:04.204Z [[32minfo[39m]: Turno del héroe con ID: user9, Side: blue
2024-09-05T13:52:09.205Z [[32minfo[39m]: Turno del héroe con ID: user8, Side: red
2024-09-05T13:52:14.223Z [[32minfo[39m]: Turno del héroe con ID: user9, Side: blue
2024-09-05T13:52:19.232Z [[32minfo[39m]: Turno del héroe con ID: user8, Side: red
2024-09-05T13:52:24.244Z [[32minfo[39m]: Turno del héroe con ID: user9, Side: blue
2024-09-05T13:52:29.255Z [[32minfo[39m]: Turno del héroe con ID: user8, Side: red
2024-09-05T13:52:34.261Z [[32minfo[39m]: Turno del héroe con ID: user9, Side: blue
2024-09-05T13:52:39.273Z [[32minfo[39m]: Turno del héroe con ID: user8, Side: red
2024-09-05T13:52:44.279Z [[32minfo[39m]: Turno del héroe con ID: user9, Side: blue
2024-09-05T13:52:49.285Z [[32minfo[39m]: Turno del héroe con ID: user8, Side: red
2024-09-05T13:52:54.288Z [[32minfo[39m]: Turno del héroe con ID: user9, Side: blue
2024-09-05T13:52:59.292Z [[32minfo[39m]: Turno del héroe con ID: user8, Side: red
2024-09-05T17:48:37.515Z [[32minfo[39m]: Server running on port 3000
2024-09-05T23:15:14.392Z [[32minfo[39m]: Servidor principal corriendo en el puerto:
2024-09-05T23:15:51.592Z [[32minfo[39m]: Servidor principal corriendo en el puerto: 3000
